This is XeTeX, Version 3.141592653-2.6-0.999995 (TeX Live 2023) (preloaded format=xelatex 2023.8.5)  15 NOV 2024 23:37
entering extended mode
 restricted \write18 enabled.
 file:line:error style messages enabled.
 %&-line parsing enabled.
**main
(./main.tex
LaTeX2e <2022-11-01> patch level 1
L3 programming layer <2023-02-22> (d:/TeX live/2023/texmf-dist/tex/latex/ctex/ctexbeamer.cls (d:/TeX live/2023/texmf-dist/tex/latex/ctex/config/ctexbackend.cfg
File: ctexbackend.cfg 2022/07/14 v2.5.10 Backend configuration file (CTEX)
) (d:/TeX live/2023/texmf-dist/tex/latex/l3kernel/expl3.sty
Package: expl3 2023-02-22 L3 programming layer (loader) 
 (d:/TeX live/2023/texmf-dist/tex/latex/l3backend/l3backend-xetex.def
File: l3backend-xetex.def 2023-01-16 L3 backend support: XeTeX
\g__graphics_track_int=\count181
\l__pdf_internal_box=\box51
\g__pdf_backend_object_int=\count182
\g__pdf_backend_annotation_int=\count183
\g__pdf_backend_link_int=\count184
))
Document Class: ctexbeamer 2022/07/14 v2.5.10 Chinese adapter for class beamer (CTEX)
(d:/TeX live/2023/texmf-dist/tex/latex/ctex/ctexhook.sty
Package: ctexhook 2022/07/14 v2.5.10 Document and package hooks (CTEX)
) (d:/TeX live/2023/texmf-dist/tex/latex/ctex/ctexpatch.sty
Package: ctexpatch 2022/07/14 v2.5.10 Patching commands (CTEX)
) (d:/TeX live/2023/texmf-dist/tex/latex/base/fix-cm.sty
Package: fix-cm 2020/11/24 v1.1t fixes to LaTeX
 (d:/TeX live/2023/texmf-dist/tex/latex/base/ts1enc.def
File: ts1enc.def 2001/06/05 v3.0e (jk/car/fm) Standard LaTeX file
LaTeX Font Info:    Redeclaring font encoding TS1 on input line 47.
))
\l__ctex_tmp_int=\count185
\l__ctex_tmp_box=\box52
\l__ctex_tmp_dim=\dimen140
\g__ctex_font_size_int=\count186
 (d:/TeX live/2023/texmf-dist/tex/latex/ctex/config/ctexopts.cfg
File: ctexopts.cfg 2022/07/14 v2.5.10 Option configuration file (CTEX)
) (d:/TeX live/2023/texmf-dist/tex/latex/beamer/beamer.cls
Document Class: beamer 2023/02/20 v3.69 A class for typesetting presentations
(d:/TeX live/2023/texmf-dist/tex/latex/beamer/beamerbasemodes.sty (d:/TeX live/2023/texmf-dist/tex/latex/etoolbox/etoolbox.sty
Package: etoolbox 2020/10/05 v2.5k e-TeX tools for LaTeX (JAW)
\etb@tempcnta=\count187
)
\beamer@tempbox=\box53
\beamer@tempcount=\count188
\c@beamerpauses=\count189
 (d:/TeX live/2023/texmf-dist/tex/latex/beamer/beamerbasedecode.sty
\beamer@slideinframe=\count190
\beamer@minimum=\count191
\beamer@decode@box=\box54
)
\beamer@commentbox=\box55
\beamer@modecount=\count192
) (d:/TeX live/2023/texmf-dist/tex/generic/iftex/iftex.sty
Package: iftex 2022/02/03 v1.0f TeX engine tests
)
\headdp=\dimen141
\footheight=\dimen142
\sidebarheight=\dimen143
\beamer@tempdim=\dimen144
\beamer@finalheight=\dimen145
\beamer@animht=\dimen146
\beamer@animdp=\dimen147
\beamer@animwd=\dimen148
\beamer@leftmargin=\dimen149
\beamer@rightmargin=\dimen150
\beamer@leftsidebar=\dimen151
\beamer@rightsidebar=\dimen152
\beamer@boxsize=\dimen153
\beamer@vboxoffset=\dimen154
\beamer@descdefault=\dimen155
\beamer@descriptionwidth=\dimen156
\beamer@lastskip=\skip48
\beamer@areabox=\box56
\beamer@animcurrent=\box57
\beamer@animshowbox=\box58
\beamer@sectionbox=\box59
\beamer@logobox=\box60
\beamer@linebox=\box61
\beamer@sectioncount=\count193
\beamer@subsubsectionmax=\count194
\beamer@subsectionmax=\count195
\beamer@sectionmax=\count196
\beamer@totalheads=\count197
\beamer@headcounter=\count198
\beamer@partstartpage=\count199
\beamer@sectionstartpage=\count266
\beamer@subsectionstartpage=\count267
\beamer@animationtempa=\count268
\beamer@animationtempb=\count269
\beamer@xpos=\count270
\beamer@ypos=\count271
\beamer@ypos@offset=\count272
\beamer@showpartnumber=\count273
\beamer@currentsubsection=\count274
\beamer@coveringdepth=\count275
\beamer@sectionadjust=\count276
\beamer@toclastsection=\count277
\beamer@tocsectionnumber=\count278
 (d:/TeX live/2023/texmf-dist/tex/latex/beamer/beamerbaseoptions.sty (d:/TeX live/2023/texmf-dist/tex/latex/graphics/keyval.sty
Package: keyval 2022/05/29 v1.15 key=value parser (DPC)
\KV@toks@=\toks16
))
\beamer@paperwidth=\skip49
\beamer@paperheight=\skip50
 (d:/TeX live/2023/texmf-dist/tex/latex/geometry/geometry.sty
Package: geometry 2020/01/02 v5.9 Page Geometry
 (d:/TeX live/2023/texmf-dist/tex/generic/iftex/ifvtex.sty
Package: ifvtex 2019/10/25 v1.7 ifvtex legacy package. Use iftex instead.
)
\Gm@cnth=\count279
\Gm@cntv=\count280
\c@Gm@tempcnt=\count281
\Gm@bindingoffset=\dimen157
\Gm@wd@mp=\dimen158
\Gm@odd@mp=\dimen159
\Gm@even@mp=\dimen160
\Gm@layoutwidth=\dimen161
\Gm@layoutheight=\dimen162
\Gm@layouthoffset=\dimen163
\Gm@layoutvoffset=\dimen164
\Gm@dimlist=\toks17
) (d:/TeX live/2023/texmf-dist/tex/latex/pgf/math/pgfmath.sty (d:/TeX live/2023/texmf-dist/tex/latex/pgf/utilities/pgfrcs.sty (d:/TeX live/2023/texmf-dist/tex/generic/pgf/utilities/pgfutil-common.tex
\pgfutil@everybye=\toks18
\pgfutil@tempdima=\dimen165
\pgfutil@tempdimb=\dimen166
) (d:/TeX live/2023/texmf-dist/tex/generic/pgf/utilities/pgfutil-latex.def
\pgfutil@abb=\box62
) (d:/TeX live/2023/texmf-dist/tex/generic/pgf/utilities/pgfrcs.code.tex (d:/TeX live/2023/texmf-dist/tex/generic/pgf/pgf.revision.tex)
Package: pgfrcs 2023-01-15 v3.1.10 (3.1.10)
)) (d:/TeX live/2023/texmf-dist/tex/latex/pgf/utilities/pgfkeys.sty (d:/TeX live/2023/texmf-dist/tex/generic/pgf/utilities/pgfkeys.code.tex
\pgfkeys@pathtoks=\toks19
\pgfkeys@temptoks=\toks20
 (d:/TeX live/2023/texmf-dist/tex/generic/pgf/utilities/pgfkeyslibraryfiltered.code.tex
\pgfkeys@tmptoks=\toks21
))) (d:/TeX live/2023/texmf-dist/tex/generic/pgf/math/pgfmath.code.tex (d:/TeX live/2023/texmf-dist/tex/generic/pgf/math/pgfmathutil.code.tex
\pgf@x=\dimen167
\pgf@xa=\dimen168
\pgf@xb=\dimen169
\pgf@xc=\dimen170
\pgf@y=\dimen171
\pgf@ya=\dimen172
\pgf@yb=\dimen173
\pgf@yc=\dimen174
\c@pgf@counta=\count282
\c@pgf@countb=\count283
\c@pgf@countc=\count284
\c@pgf@countd=\count285
) (d:/TeX live/2023/texmf-dist/tex/generic/pgf/math/pgfmathparser.code.tex
\pgfmath@dimen=\dimen175
\pgfmath@count=\count286
\pgfmath@box=\box63
\pgfmath@toks=\toks22
\pgfmath@stack@operand=\toks23
\pgfmath@stack@operation=\toks24
) (d:/TeX live/2023/texmf-dist/tex/generic/pgf/math/pgfmathfunctions.code.tex) (d:/TeX live/2023/texmf-dist/tex/generic/pgf/math/pgfmathfunctions.basic.code.tex) (d:/TeX live/2023/texmf-dist/tex/generic/pgf/math/pgfmathfunctions.trigonometric.code.tex) (d:/TeX live/2023/texmf-dist/tex/generic/pgf/math/pgfmathfunctions.random.code.tex) (d:/TeX live/2023/texmf-dist/tex/generic/pgf/math/pgfmathfunctions.comparison.code.tex) (d:/TeX live/2023/texmf-dist/tex/generic/pgf/math/pgfmathfunctions.base.code.tex) (d:/TeX live/2023/texmf-dist/tex/generic/pgf/math/pgfmathfunctions.round.code.tex) (d:/TeX live/2023/texmf-dist/tex/generic/pgf/math/pgfmathfunctions.misc.code.tex) (d:/TeX live/2023/texmf-dist/tex/generic/pgf/math/pgfmathfunctions.integerarithmetics.code.tex) (d:/TeX live/2023/texmf-dist/tex/generic/pgf/math/pgfmathcalc.code.tex) (d:/TeX live/2023/texmf-dist/tex/generic/pgf/math/pgfmathfloat.code.tex
\c@pgfmathroundto@lastzeros=\count287
))) (d:/TeX live/2023/texmf-dist/tex/latex/base/size11.clo
File: size11.clo 2022/07/02 v1.4n Standard LaTeX file (size option)
) (d:/TeX live/2023/texmf-dist/tex/latex/pgf/basiclayer/pgfcore.sty (d:/TeX live/2023/texmf-dist/tex/latex/graphics/graphicx.sty
Package: graphicx 2021/09/16 v1.2d Enhanced LaTeX Graphics (DPC,SPQR)
 (d:/TeX live/2023/texmf-dist/tex/latex/graphics/graphics.sty
Package: graphics 2022/03/10 v1.4e Standard LaTeX Graphics (DPC,SPQR)
 (d:/TeX live/2023/texmf-dist/tex/latex/graphics/trig.sty
Package: trig 2021/08/11 v1.11 sin cos tan (DPC)
) (d:/TeX live/2023/texmf-dist/tex/latex/graphics-cfg/graphics.cfg
File: graphics.cfg 2016/06/04 v1.11 sample graphics configuration
)
Package graphics Info: Driver file: xetex.def on input line 107.
 (d:/TeX live/2023/texmf-dist/tex/latex/graphics-def/xetex.def
File: xetex.def 2022/09/22 v5.0n Graphics/color driver for xetex
))
\Gin@req@height=\dimen176
\Gin@req@width=\dimen177
) (d:/TeX live/2023/texmf-dist/tex/latex/pgf/systemlayer/pgfsys.sty (d:/TeX live/2023/texmf-dist/tex/generic/pgf/systemlayer/pgfsys.code.tex
Package: pgfsys 2023-01-15 v3.1.10 (3.1.10)
\pgf@x=\dimen178
\pgf@y=\dimen179
\pgf@xa=\dimen180
\pgf@ya=\dimen181
\pgf@xb=\dimen182
\pgf@yb=\dimen183
\pgf@xc=\dimen184
\pgf@yc=\dimen185
\pgf@xd=\dimen186
\pgf@yd=\dimen187
\w@pgf@writea=\write3
\r@pgf@reada=\read2
\c@pgf@counta=\count288
\c@pgf@countb=\count289
\c@pgf@countc=\count290
\c@pgf@countd=\count291
\t@pgf@toka=\toks25
\t@pgf@tokb=\toks26
\t@pgf@tokc=\toks27
\pgf@sys@id@count=\count292
 (d:/TeX live/2023/texmf-dist/tex/generic/pgf/systemlayer/pgf.cfg
File: pgf.cfg 2023-01-15 v3.1.10 (3.1.10)
)
Driver file for pgf: pgfsys-xetex.def
 (d:/TeX live/2023/texmf-dist/tex/generic/pgf/systemlayer/pgfsys-xetex.def
File: pgfsys-xetex.def 2023-01-15 v3.1.10 (3.1.10)
 (d:/TeX live/2023/texmf-dist/tex/generic/pgf/systemlayer/pgfsys-dvipdfmx.def
File: pgfsys-dvipdfmx.def 2023-01-15 v3.1.10 (3.1.10)
 (d:/TeX live/2023/texmf-dist/tex/generic/pgf/systemlayer/pgfsys-common-pdf.def
File: pgfsys-common-pdf.def 2023-01-15 v3.1.10 (3.1.10)
)
\pgfsys@objnum=\count293
))) (d:/TeX live/2023/texmf-dist/tex/generic/pgf/systemlayer/pgfsyssoftpath.code.tex
File: pgfsyssoftpath.code.tex 2023-01-15 v3.1.10 (3.1.10)
\pgfsyssoftpath@smallbuffer@items=\count294
\pgfsyssoftpath@bigbuffer@items=\count295
) (d:/TeX live/2023/texmf-dist/tex/generic/pgf/systemlayer/pgfsysprotocol.code.tex
File: pgfsysprotocol.code.tex 2023-01-15 v3.1.10 (3.1.10)
)) (d:/TeX live/2023/texmf-dist/tex/latex/xcolor/xcolor.sty
Package: xcolor 2022/06/12 v2.14 LaTeX color extensions (UK)
 (d:/TeX live/2023/texmf-dist/tex/latex/graphics-cfg/color.cfg
File: color.cfg 2016/01/02 v1.6 sample color configuration
)
Package xcolor Info: Driver file: xetex.def on input line 227.
 (d:/TeX live/2023/texmf-dist/tex/latex/colortbl/colortbl.sty
Package: colortbl 2022/06/20 v1.0f Color table columns (DPC)
 (d:/TeX live/2023/texmf-dist/tex/latex/tools/array.sty
Package: array 2022/09/04 v2.5g Tabular extension package (FMi)
\col@sep=\dimen188
\ar@mcellbox=\box64
\extrarowheight=\dimen189
\NC@list=\toks28
\extratabsurround=\skip51
\backup@length=\skip52
\ar@cellbox=\box65
)
\everycr=\toks29
\minrowclearance=\skip53
\rownum=\count296
) (d:/TeX live/2023/texmf-dist/tex/latex/graphics/mathcolor.ltx)
Package xcolor Info: Model `cmy' substituted by `cmy0' on input line 1353.
Package xcolor Info: Model `RGB' extended on input line 1369.
Package xcolor Info: Model `HTML' substituted by `rgb' on input line 1371.
Package xcolor Info: Model `Hsb' substituted by `hsb' on input line 1372.
Package xcolor Info: Model `tHsb' substituted by `hsb' on input line 1373.
Package xcolor Info: Model `HSB' substituted by `hsb' on input line 1374.
Package xcolor Info: Model `Gray' substituted by `gray' on input line 1375.
Package xcolor Info: Model `wave' substituted by `hsb' on input line 1376.
 (d:/TeX live/2023/texmf-dist/tex/latex/graphics/dvipsnam.def
File: dvipsnam.def 2016/06/17 v3.0m Driver-dependent file (DPC,SPQR)
) (d:/TeX live/2023/texmf-dist/tex/latex/xcolor/svgnam.def
File: svgnam.def 2022/06/12 v2.14 Predefined colors according to SVG 1.1 (UK)
)) (d:/TeX live/2023/texmf-dist/tex/generic/pgf/basiclayer/pgfcore.code.tex
Package: pgfcore 2023-01-15 v3.1.10 (3.1.10)
 (d:/TeX live/2023/texmf-dist/tex/generic/pgf/math/pgfint.code.tex) (d:/TeX live/2023/texmf-dist/tex/generic/pgf/basiclayer/pgfcorepoints.code.tex
File: pgfcorepoints.code.tex 2023-01-15 v3.1.10 (3.1.10)
\pgf@picminx=\dimen190
\pgf@picmaxx=\dimen191
\pgf@picminy=\dimen192
\pgf@picmaxy=\dimen193
\pgf@pathminx=\dimen194
\pgf@pathmaxx=\dimen195
\pgf@pathminy=\dimen196
\pgf@pathmaxy=\dimen197
\pgf@xx=\dimen198
\pgf@xy=\dimen199
\pgf@yx=\dimen256
\pgf@yy=\dimen257
\pgf@zx=\dimen258
\pgf@zy=\dimen259
) (d:/TeX live/2023/texmf-dist/tex/generic/pgf/basiclayer/pgfcorepathconstruct.code.tex
File: pgfcorepathconstruct.code.tex 2023-01-15 v3.1.10 (3.1.10)
\pgf@path@lastx=\dimen260
\pgf@path@lasty=\dimen261
) (d:/TeX live/2023/texmf-dist/tex/generic/pgf/basiclayer/pgfcorepathusage.code.tex
File: pgfcorepathusage.code.tex 2023-01-15 v3.1.10 (3.1.10)
\pgf@shorten@end@additional=\dimen262
\pgf@shorten@start@additional=\dimen263
) (d:/TeX live/2023/texmf-dist/tex/generic/pgf/basiclayer/pgfcorescopes.code.tex
File: pgfcorescopes.code.tex 2023-01-15 v3.1.10 (3.1.10)
\pgfpic=\box66
\pgf@hbox=\box67
\pgf@layerbox@main=\box68
\pgf@picture@serial@count=\count297
) (d:/TeX live/2023/texmf-dist/tex/generic/pgf/basiclayer/pgfcoregraphicstate.code.tex
File: pgfcoregraphicstate.code.tex 2023-01-15 v3.1.10 (3.1.10)
\pgflinewidth=\dimen264
) (d:/TeX live/2023/texmf-dist/tex/generic/pgf/basiclayer/pgfcoretransformations.code.tex
File: pgfcoretransformations.code.tex 2023-01-15 v3.1.10 (3.1.10)
\pgf@pt@x=\dimen265
\pgf@pt@y=\dimen266
\pgf@pt@temp=\dimen267
) (d:/TeX live/2023/texmf-dist/tex/generic/pgf/basiclayer/pgfcorequick.code.tex
File: pgfcorequick.code.tex 2023-01-15 v3.1.10 (3.1.10)
) (d:/TeX live/2023/texmf-dist/tex/generic/pgf/basiclayer/pgfcoreobjects.code.tex
File: pgfcoreobjects.code.tex 2023-01-15 v3.1.10 (3.1.10)
) (d:/TeX live/2023/texmf-dist/tex/generic/pgf/basiclayer/pgfcorepathprocessing.code.tex
File: pgfcorepathprocessing.code.tex 2023-01-15 v3.1.10 (3.1.10)
) (d:/TeX live/2023/texmf-dist/tex/generic/pgf/basiclayer/pgfcorearrows.code.tex
File: pgfcorearrows.code.tex 2023-01-15 v3.1.10 (3.1.10)
\pgfarrowsep=\dimen268
) (d:/TeX live/2023/texmf-dist/tex/generic/pgf/basiclayer/pgfcoreshade.code.tex
File: pgfcoreshade.code.tex 2023-01-15 v3.1.10 (3.1.10)
\pgf@max=\dimen269
\pgf@sys@shading@range@num=\count298
\pgf@shadingcount=\count299
) (d:/TeX live/2023/texmf-dist/tex/generic/pgf/basiclayer/pgfcoreimage.code.tex
File: pgfcoreimage.code.tex 2023-01-15 v3.1.10 (3.1.10)
) (d:/TeX live/2023/texmf-dist/tex/generic/pgf/basiclayer/pgfcoreexternal.code.tex
File: pgfcoreexternal.code.tex 2023-01-15 v3.1.10 (3.1.10)
\pgfexternal@startupbox=\box69
) (d:/TeX live/2023/texmf-dist/tex/generic/pgf/basiclayer/pgfcorelayers.code.tex
File: pgfcorelayers.code.tex 2023-01-15 v3.1.10 (3.1.10)
) (d:/TeX live/2023/texmf-dist/tex/generic/pgf/basiclayer/pgfcoretransparency.code.tex
File: pgfcoretransparency.code.tex 2023-01-15 v3.1.10 (3.1.10)
) (d:/TeX live/2023/texmf-dist/tex/generic/pgf/basiclayer/pgfcorepatterns.code.tex
File: pgfcorepatterns.code.tex 2023-01-15 v3.1.10 (3.1.10)
) (d:/TeX live/2023/texmf-dist/tex/generic/pgf/basiclayer/pgfcorerdf.code.tex
File: pgfcorerdf.code.tex 2023-01-15 v3.1.10 (3.1.10)
))) (d:/TeX live/2023/texmf-dist/tex/latex/pgf/utilities/xxcolor.sty
Package: xxcolor 2003/10/24 ver 0.1
\XC@nummixins=\count300
\XC@countmixins=\count301
) (d:/TeX live/2023/texmf-dist/tex/latex/base/atbegshi-ltx.sty
Package: atbegshi-ltx 2021/01/10 v1.0c Emulation of the original atbegshi
package with kernel methods
) (d:/TeX live/2023/texmf-dist/tex/latex/hyperref/hyperref.sty
Package: hyperref 2023-02-07 v7.00v Hypertext links for LaTeX
 (d:/TeX live/2023/texmf-dist/tex/generic/ltxcmds/ltxcmds.sty
Package: ltxcmds 2020-05-10 v1.25 LaTeX kernel commands for general use (HO)
) (d:/TeX live/2023/texmf-dist/tex/generic/pdftexcmds/pdftexcmds.sty
Package: pdftexcmds 2020-06-27 v0.33 Utility functions of pdfTeX for LuaTeX (HO)
 (d:/TeX live/2023/texmf-dist/tex/generic/infwarerr/infwarerr.sty
Package: infwarerr 2019/12/03 v1.5 Providing info/warning/error messages (HO)
)
Package pdftexcmds Info: \pdf@primitive is available.
Package pdftexcmds Info: \pdf@ifprimitive is available.
Package pdftexcmds Info: \pdfdraftmode not found.
) (d:/TeX live/2023/texmf-dist/tex/latex/kvsetkeys/kvsetkeys.sty
Package: kvsetkeys 2022-10-05 v1.19 Key value parser (HO)
) (d:/TeX live/2023/texmf-dist/tex/generic/kvdefinekeys/kvdefinekeys.sty
Package: kvdefinekeys 2019-12-19 v1.6 Define keys (HO)
) (d:/TeX live/2023/texmf-dist/tex/generic/pdfescape/pdfescape.sty
Package: pdfescape 2019/12/09 v1.15 Implements pdfTeX's escape features (HO)
) (d:/TeX live/2023/texmf-dist/tex/latex/hycolor/hycolor.sty
Package: hycolor 2020-01-27 v1.10 Color options for hyperref/bookmark (HO)
) (d:/TeX live/2023/texmf-dist/tex/latex/letltxmacro/letltxmacro.sty
Package: letltxmacro 2019/12/03 v1.6 Let assignment for LaTeX macros (HO)
) (d:/TeX live/2023/texmf-dist/tex/latex/auxhook/auxhook.sty
Package: auxhook 2019-12-17 v1.6 Hooks for auxiliary files (HO)
) (d:/TeX live/2023/texmf-dist/tex/latex/hyperref/nameref.sty
Package: nameref 2022-05-17 v2.50 Cross-referencing by name of section
 (d:/TeX live/2023/texmf-dist/tex/latex/refcount/refcount.sty
Package: refcount 2019/12/15 v3.6 Data extraction from label references (HO)
) (d:/TeX live/2023/texmf-dist/tex/generic/gettitlestring/gettitlestring.sty
Package: gettitlestring 2019/12/15 v1.6 Cleanup title references (HO)
 (d:/TeX live/2023/texmf-dist/tex/latex/kvoptions/kvoptions.sty
Package: kvoptions 2022-06-15 v3.15 Key value format for package options (HO)
))
\c@section@level=\count302
)
\@linkdim=\dimen270
\Hy@linkcounter=\count303
\Hy@pagecounter=\count304
 (d:/TeX live/2023/texmf-dist/tex/latex/hyperref/pd1enc.def
File: pd1enc.def 2023-02-07 v7.00v Hyperref: PDFDocEncoding definition (HO)
) (d:/TeX live/2023/texmf-dist/tex/generic/intcalc/intcalc.sty
Package: intcalc 2019/12/15 v1.3 Expandable calculations with integers (HO)
) (d:/TeX live/2023/texmf-dist/tex/generic/etexcmds/etexcmds.sty
Package: etexcmds 2019/12/15 v1.7 Avoid name clashes with e-TeX commands (HO)
)
\Hy@SavedSpaceFactor=\count305
 (d:/TeX live/2023/texmf-dist/tex/latex/hyperref/puenc.def
File: puenc.def 2023-02-07 v7.00v Hyperref: PDF Unicode definition (HO)
)
Package hyperref Info: Option `bookmarks' set `true' on input line 4060.
Package hyperref Info: Option `bookmarksopen' set `true' on input line 4060.
Package hyperref Info: Option `implicit' set `false' on input line 4060.
Package hyperref Info: Hyper figures OFF on input line 4177.
Package hyperref Info: Link nesting OFF on input line 4182.
Package hyperref Info: Hyper index ON on input line 4185.
Package hyperref Info: Plain pages OFF on input line 4192.
Package hyperref Info: Backreferencing OFF on input line 4197.
Package hyperref Info: Implicit mode OFF; no redefinition of LaTeX internals.
Package hyperref Info: Bookmarks ON on input line 4425.
\c@Hy@tempcnt=\count306
 (d:/TeX live/2023/texmf-dist/tex/latex/url/url.sty
\Urlmuskip=\muskip16
Package: url 2013/09/16  ver 3.4  Verb mode for urls, etc.
)
LaTeX Info: Redefining \url on input line 4763.
\XeTeXLinkMargin=\dimen271
 (d:/TeX live/2023/texmf-dist/tex/generic/bitset/bitset.sty
Package: bitset 2019/12/09 v1.3 Handle bit-vector datatype (HO)
 (d:/TeX live/2023/texmf-dist/tex/generic/bigintcalc/bigintcalc.sty
Package: bigintcalc 2019/12/15 v1.5 Expandable calculations on big integers (HO)
))
\Fld@menulength=\count307
\Field@Width=\dimen272
\Fld@charsize=\dimen273
Package hyperref Info: Hyper figures OFF on input line 6042.
Package hyperref Info: Link nesting OFF on input line 6047.
Package hyperref Info: Hyper index ON on input line 6050.
Package hyperref Info: backreferencing OFF on input line 6057.
Package hyperref Info: Link coloring OFF on input line 6062.
Package hyperref Info: Link coloring with OCG OFF on input line 6067.
Package hyperref Info: PDF/A mode OFF on input line 6072.
\Hy@abspage=\count308


Package hyperref Message: Stopped early.

)
Package hyperref Info: Driver (autodetected): hxetex.
 (d:/TeX live/2023/texmf-dist/tex/latex/hyperref/hxetex.def
File: hxetex.def 2023-02-07 v7.00v Hyperref driver for XeTeX
 (d:/TeX live/2023/texmf-dist/tex/generic/stringenc/stringenc.sty
Package: stringenc 2019/11/29 v1.12 Convert strings between diff. encodings (HO)
)
\pdfm@box=\box70
\c@Hy@AnnotLevel=\count309
\HyField@AnnotCount=\count310
\Fld@listcount=\count311
\c@bookmark@seq@number=\count312
 (d:/TeX live/2023/texmf-dist/tex/latex/rerunfilecheck/rerunfilecheck.sty
Package: rerunfilecheck 2022-07-10 v1.10 Rerun checks for auxiliary files (HO)
 (d:/TeX live/2023/texmf-dist/tex/latex/base/atveryend-ltx.sty
Package: atveryend-ltx 2020/08/19 v1.0a Emulation of the original atveryend package
with kernel methods
) (d:/TeX live/2023/texmf-dist/tex/generic/uniquecounter/uniquecounter.sty
Package: uniquecounter 2019/12/15 v1.4 Provide unlimited unique counter (HO)
)
Package uniquecounter Info: New unique counter `rerunfilecheck' on input line 285.
)) (d:/TeX live/2023/texmf-dist/tex/latex/beamer/beamerbaserequires.sty (d:/TeX live/2023/texmf-dist/tex/latex/beamer/beamerbasecompatibility.sty) (d:/TeX live/2023/texmf-dist/tex/latex/beamer/beamerbasefont.sty (d:/TeX live/2023/texmf-dist/tex/latex/amsfonts/amssymb.sty
Package: amssymb 2013/01/14 v3.01 AMS font symbols
 (d:/TeX live/2023/texmf-dist/tex/latex/amsfonts/amsfonts.sty
Package: amsfonts 2013/01/14 v3.01 Basic AMSFonts support
\@emptytoks=\toks30
\symAMSa=\mathgroup4
\symAMSb=\mathgroup5
LaTeX Font Info:    Redeclaring math symbol \hbar on input line 98.
LaTeX Font Info:    Overwriting math alphabet `\mathfrak' in version `bold'
(Font)                  U/euf/m/n --> U/euf/b/n on input line 106.
)) (d:/TeX live/2023/texmf-dist/tex/latex/sansmathaccent/sansmathaccent.sty
Package: sansmathaccent 2020/01/31
 (d:/TeX live/2023/texmf-dist/tex/latex/koma-script/scrlfile.sty
Package: scrlfile 2022/10/12 v3.38 KOMA-Script package (file load hooks)
 (d:/TeX live/2023/texmf-dist/tex/latex/koma-script/scrlfile-hook.sty
Package: scrlfile-hook 2022/10/12 v3.38 KOMA-Script package (using LaTeX hooks)
 (d:/TeX live/2023/texmf-dist/tex/latex/koma-script/scrlogo.sty
Package: scrlogo 2022/10/12 v3.38 KOMA-Script package (logo)
))))) (d:/TeX live/2023/texmf-dist/tex/latex/beamer/beamerbasetranslator.sty (d:/TeX live/2023/texmf-dist/tex/latex/translator/translator.sty
Package: translator 2021-05-31 v1.12d Easy translation of strings in LaTeX
)) (d:/TeX live/2023/texmf-dist/tex/latex/beamer/beamerbasemisc.sty) (d:/TeX live/2023/texmf-dist/tex/latex/beamer/beamerbasetwoscreens.sty) (d:/TeX live/2023/texmf-dist/tex/latex/beamer/beamerbaseoverlay.sty
\beamer@argscount=\count313
\beamer@lastskipcover=\skip54
\beamer@trivlistdepth=\count314
) (d:/TeX live/2023/texmf-dist/tex/latex/beamer/beamerbasetitle.sty) (d:/TeX live/2023/texmf-dist/tex/latex/beamer/beamerbasesection.sty
\c@lecture=\count315
\c@part=\count316
\c@section=\count317
\c@subsection=\count318
\c@subsubsection=\count319
) (d:/TeX live/2023/texmf-dist/tex/latex/beamer/beamerbaseframe.sty
\beamer@framebox=\box71
\beamer@frametitlebox=\box72
\beamer@zoombox=\box73
\beamer@zoomcount=\count320
\beamer@zoomframecount=\count321
\beamer@frametextheight=\dimen274
\c@subsectionslide=\count322
\beamer@frametopskip=\skip55
\beamer@framebottomskip=\skip56
\beamer@frametopskipautobreak=\skip57
\beamer@framebottomskipautobreak=\skip58
\beamer@envbody=\toks31
\framewidth=\dimen275
\c@framenumber=\count323
) (d:/TeX live/2023/texmf-dist/tex/latex/beamer/beamerbaseverbatim.sty
\beamer@verbatimfileout=\write4
) (d:/TeX live/2023/texmf-dist/tex/latex/beamer/beamerbaseframesize.sty
\beamer@splitbox=\box74
\beamer@autobreakcount=\count324
\beamer@autobreaklastheight=\dimen276
\beamer@frametitletoks=\toks32
\beamer@framesubtitletoks=\toks33
) (d:/TeX live/2023/texmf-dist/tex/latex/beamer/beamerbaseframecomponents.sty
\beamer@footins=\box75
) (d:/TeX live/2023/texmf-dist/tex/latex/beamer/beamerbasecolor.sty) (d:/TeX live/2023/texmf-dist/tex/latex/beamer/beamerbasenotes.sty
\beamer@frameboxcopy=\box76
) (d:/TeX live/2023/texmf-dist/tex/latex/beamer/beamerbasetoc.sty) (d:/TeX live/2023/texmf-dist/tex/latex/beamer/beamerbasetemplates.sty
\beamer@sbttoks=\toks34
 (d:/TeX live/2023/texmf-dist/tex/latex/beamer/beamerbaseauxtemplates.sty (d:/TeX live/2023/texmf-dist/tex/latex/beamer/beamerbaseboxes.sty
\bmb@box=\box77
\bmb@colorbox=\box78
\bmb@boxwidth=\dimen277
\bmb@boxheight=\dimen278
\bmb@prevheight=\dimen279
\bmb@temp=\dimen280
\bmb@dima=\dimen281
\bmb@dimb=\dimen282
\bmb@prevheight=\dimen283
)
\beamer@blockheadheight=\dimen284
)) (d:/TeX live/2023/texmf-dist/tex/latex/beamer/beamerbaselocalstructure.sty (d:/TeX live/2023/texmf-dist/tex/latex/tools/enumerate.sty
Package: enumerate 2015/07/23 v3.00 enumerate extensions (DPC)
\@enLab=\toks35
)
\beamer@bibiconwidth=\skip59
\c@figure=\count325
\c@table=\count326
\abovecaptionskip=\skip60
\belowcaptionskip=\skip61
) (d:/TeX live/2023/texmf-dist/tex/latex/beamer/beamerbasenavigation.sty (d:/TeX live/2023/texmf-dist/tex/latex/beamer/beamerbasenavigationsymbols.tex)
\beamer@section@min@dim=\dimen285
) (d:/TeX live/2023/texmf-dist/tex/latex/beamer/beamerbasetheorems.sty (d:/TeX live/2023/texmf-dist/tex/latex/amsmath/amsmath.sty
Package: amsmath 2022/04/08 v2.17n AMS math features
\@mathmargin=\skip62

For additional information on amsmath, use the `?' option.
(d:/TeX live/2023/texmf-dist/tex/latex/amsmath/amstext.sty
Package: amstext 2021/08/26 v2.01 AMS text
 (d:/TeX live/2023/texmf-dist/tex/latex/amsmath/amsgen.sty
File: amsgen.sty 1999/11/30 v2.0 generic functions
\@emptytoks=\toks36
\ex@=\dimen286
)) (d:/TeX live/2023/texmf-dist/tex/latex/amsmath/amsbsy.sty
Package: amsbsy 1999/11/29 v1.2d Bold Symbols
\pmbraise@=\dimen287
) (d:/TeX live/2023/texmf-dist/tex/latex/amsmath/amsopn.sty
Package: amsopn 2022/04/08 v2.04 operator names
)
\inf@bad=\count327
LaTeX Info: Redefining \frac on input line 234.
\uproot@=\count328
\leftroot@=\count329
LaTeX Info: Redefining \overline on input line 399.
LaTeX Info: Redefining \colon on input line 410.
\classnum@=\count330
\DOTSCASE@=\count331
LaTeX Info: Redefining \ldots on input line 496.
LaTeX Info: Redefining \dots on input line 499.
LaTeX Info: Redefining \cdots on input line 620.
\Mathstrutbox@=\box79
\strutbox@=\box80
LaTeX Info: Redefining \big on input line 722.
LaTeX Info: Redefining \Big on input line 723.
LaTeX Info: Redefining \bigg on input line 724.
LaTeX Info: Redefining \Bigg on input line 725.
\big@size=\dimen288
LaTeX Font Info:    Redeclaring font encoding OML on input line 743.
LaTeX Font Info:    Redeclaring font encoding OMS on input line 744.
\macc@depth=\count332
LaTeX Info: Redefining \bmod on input line 905.
LaTeX Info: Redefining \pmod on input line 910.
LaTeX Info: Redefining \smash on input line 940.
LaTeX Info: Redefining \relbar on input line 970.
LaTeX Info: Redefining \Relbar on input line 971.
\c@MaxMatrixCols=\count333
\dotsspace@=\muskip17
\c@parentequation=\count334
\dspbrk@lvl=\count335
\tag@help=\toks37
\row@=\count336
\column@=\count337
\maxfields@=\count338
\andhelp@=\toks38
\eqnshift@=\dimen289
\alignsep@=\dimen290
\tagshift@=\dimen291
\tagwidth@=\dimen292
\totwidth@=\dimen293
\lineht@=\dimen294
\@envbody=\toks39
\multlinegap=\skip63
\multlinetaggap=\skip64
\mathdisplay@stack=\toks40
LaTeX Info: Redefining \[ on input line 2953.
LaTeX Info: Redefining \] on input line 2954.
) (d:/TeX live/2023/texmf-dist/tex/latex/amscls/amsthm.sty
Package: amsthm 2020/05/29 v2.20.6
\thm@style=\toks41
\thm@bodyfont=\toks42
\thm@headfont=\toks43
\thm@notefont=\toks44
\thm@headpunct=\toks45
\thm@preskip=\skip65
\thm@postskip=\skip66
\thm@headsep=\skip67
\dth@everypar=\toks46
)
\c@theorem=\count339
) (d:/TeX live/2023/texmf-dist/tex/latex/beamer/beamerbasethemes.sty)) (d:/TeX live/2023/texmf-dist/tex/latex/beamer/beamerthemedefault.sty (d:/TeX live/2023/texmf-dist/tex/latex/beamer/beamerfontthemedefault.sty) (d:/TeX live/2023/texmf-dist/tex/latex/beamer/beamercolorthemedefault.sty) (d:/TeX live/2023/texmf-dist/tex/latex/beamer/beamerinnerthemedefault.sty
\beamer@dima=\dimen295
\beamer@dimb=\dimen296
) (d:/TeX live/2023/texmf-dist/tex/latex/beamer/beamerouterthemedefault.sty))) (d:/TeX live/2023/texmf-dist/tex/latex/ctex/engine/ctex-engine-xetex.def
File: ctex-engine-xetex.def 2022/07/14 v2.5.10 XeLaTeX adapter (CTEX)
 (d:/TeX live/2023/texmf-dist/tex/xelatex/xecjk/xeCJK.sty
Package: xeCJK 2022/08/05 v3.9.1 Typesetting CJK scripts with XeLaTeX
 (d:/TeX live/2023/texmf-dist/tex/latex/l3packages/xtemplate/xtemplate.sty
Package: xtemplate 2023-02-02 L3 Experimental prototype document functions
\l__xtemplate_tmp_dim=\dimen297
\l__xtemplate_tmp_int=\count340
\l__xtemplate_tmp_muskip=\muskip18
\l__xtemplate_tmp_skip=\skip68
)
\l__xeCJK_tmp_int=\count341
\l__xeCJK_tmp_box=\box81
\l__xeCJK_tmp_dim=\dimen298
\l__xeCJK_tmp_skip=\skip69
\g__xeCJK_space_factor_int=\count342
\l__xeCJK_begin_int=\count343
\l__xeCJK_end_int=\count344
\c__xeCJK_CJK_class_int=\XeTeXcharclass1
\c__xeCJK_FullLeft_class_int=\XeTeXcharclass2
\c__xeCJK_FullRight_class_int=\XeTeXcharclass3
\c__xeCJK_HalfLeft_class_int=\XeTeXcharclass4
\c__xeCJK_HalfRight_class_int=\XeTeXcharclass5
\c__xeCJK_NormalSpace_class_int=\XeTeXcharclass6
\c__xeCJK_CM_class_int=\XeTeXcharclass7
\c__xeCJK_HangulJamo_class_int=\XeTeXcharclass8
\l__xeCJK_last_skip=\skip70
\c__xeCJK_none_node=\count345
\g__xeCJK_node_int=\count346
\c__xeCJK_CJK_node_dim=\dimen299
\c__xeCJK_CJK-space_node_dim=\dimen300
\c__xeCJK_default_node_dim=\dimen301
\c__xeCJK_CJK-widow_node_dim=\dimen302
\c__xeCJK_normalspace_node_dim=\dimen303
\c__xeCJK_default-space_node_skip=\skip71
\l__xeCJK_ccglue_skip=\skip72
\l__xeCJK_ecglue_skip=\skip73
\l__xeCJK_punct_kern_skip=\skip74
\l__xeCJK_indent_box=\box82
\l__xeCJK_last_penalty_int=\count347
\l__xeCJK_last_bound_dim=\dimen304
\l__xeCJK_last_kern_dim=\dimen305
\l__xeCJK_widow_penalty_int=\count348

Package xtemplate Info: Declaring object type 'xeCJK/punctuation' taking 0
(xtemplate)             argument(s) on line 2396.

\l__xeCJK_fixed_punct_width_dim=\dimen306
\l__xeCJK_mixed_punct_width_dim=\dimen307
\l__xeCJK_middle_punct_width_dim=\dimen308
\l__xeCJK_fixed_margin_width_dim=\dimen309
\l__xeCJK_mixed_margin_width_dim=\dimen310
\l__xeCJK_middle_margin_width_dim=\dimen311
\l__xeCJK_bound_punct_width_dim=\dimen312
\l__xeCJK_bound_margin_width_dim=\dimen313
\l__xeCJK_margin_minimum_dim=\dimen314
\l__xeCJK_kerning_total_width_dim=\dimen315
\l__xeCJK_same_align_margin_dim=\dimen316
\l__xeCJK_different_align_margin_dim=\dimen317
\l__xeCJK_kerning_margin_width_dim=\dimen318
\l__xeCJK_kerning_margin_minimum_dim=\dimen319
\l__xeCJK_bound_dim=\dimen320
\l__xeCJK_reverse_bound_dim=\dimen321
\l__xeCJK_margin_dim=\dimen322
\l__xeCJK_minimum_bound_dim=\dimen323
\l__xeCJK_kerning_margin_dim=\dimen324
\g__xeCJK_family_int=\count349
\l__xeCJK_fam_int=\count350
\g__xeCJK_fam_allocation_int=\count351
\l__xeCJK_verb_case_int=\count352
\l__xeCJK_verb_exspace_skip=\skip75
 (d:/TeX live/2023/texmf-dist/tex/latex/fontspec/fontspec.sty (d:/TeX live/2023/texmf-dist/tex/latex/l3packages/xparse/xparse.sty
Package: xparse 2023-02-02 L3 Experimental document command parser
)
Package: fontspec 2022/01/15 v2.8a Font selection for XeLaTeX and LuaLaTeX
 (d:/TeX live/2023/texmf-dist/tex/latex/fontspec/fontspec-xetex.sty
Package: fontspec-xetex 2022/01/15 v2.8a Font selection for XeLaTeX and LuaLaTeX
\l__fontspec_script_int=\count353
\l__fontspec_language_int=\count354
\l__fontspec_strnum_int=\count355
\l__fontspec_tmp_int=\count356
\l__fontspec_tmpa_int=\count357
\l__fontspec_tmpb_int=\count358
\l__fontspec_tmpc_int=\count359
\l__fontspec_em_int=\count360
\l__fontspec_emdef_int=\count361
\l__fontspec_strong_int=\count362
\l__fontspec_strongdef_int=\count363
\l__fontspec_tmpa_dim=\dimen325
\l__fontspec_tmpb_dim=\dimen326
\l__fontspec_tmpc_dim=\dimen327
 (d:/TeX live/2023/texmf-dist/tex/latex/base/fontenc.sty
Package: fontenc 2021/04/29 v2.0v Standard LaTeX package
) (d:/TeX live/2023/texmf-dist/tex/latex/fontspec/fontspec.cfg))) (d:/TeX live/2023/texmf-dist/tex/xelatex/xecjk/xeCJK.cfg
File: xeCJK.cfg 2022/08/05 v3.9.1 Configuration file for xeCJK package
))
\ccwd=\dimen328
\l__ctex_ccglue_skip=\skip76
)
\l__ctex_ziju_dim=\dimen329
 (d:/TeX live/2023/texmf-dist/tex/latex/zhnumber/zhnumber.sty
Package: zhnumber 2022/07/14 v3.0 Typesetting numbers with Chinese glyphs
\l__zhnum_scale_int=\count364
\l__zhnum_tmp_int=\count365
 (d:/TeX live/2023/texmf-dist/tex/latex/zhnumber/zhnumber-utf8.cfg
File: zhnumber-utf8.cfg 2022/07/14 v3.0 Chinese numerals with UTF8 encoding
)) (d:/TeX live/2023/texmf-dist/tex/latex/ctex/scheme/ctex-scheme-chinese-beamer.def
File: ctex-scheme-chinese-beamer.def 2022/07/14 v2.5.10 Chinese scheme for beamer (CTEX)
 (d:/TeX live/2023/texmf-dist/tex/latex/ctex/config/ctex-name-utf8.cfg
File: ctex-name-utf8.cfg 2022/07/14 v2.5.10 Caption with encoding UTF-8 (CTEX)
)) (d:/TeX live/2023/texmf-dist/tex/latex/ctex/fontset/ctex-fontset-windows.def
File: ctex-fontset-windows.def 2022/07/14 v2.5.10 Windows fonts definition (CTEX)

Package fontspec Info: Could not resolve font "KaiTi/B" (it probably doesn't
(fontspec)             exist).


Package fontspec Info: Could not resolve font "SimHei/I" (it probably doesn't
(fontspec)             exist).


Package fontspec Info: Could not resolve font "SimSun/BI" (it probably doesn't
(fontspec)             exist).


Package fontspec Info: Font family 'SimSun(0)' created for font 'SimSun' with
(fontspec)             options
(fontspec)             [Script={CJK},BoldFont={SimHei},ItalicFont={KaiTi}].
(fontspec)              
(fontspec)              This font family consists of the following NFSS
(fontspec)             series/shapes:
(fontspec)              
(fontspec)             - 'normal' (m/n) with NFSS spec.:
(fontspec)             <->"SimSun/OT:script=hani;language=dflt;"
(fontspec)             - 'small caps'  (m/sc) with NFSS spec.: 
(fontspec)             - 'bold' (b/n) with NFSS spec.:
(fontspec)             <->"SimHei/OT:script=hani;language=dflt;"
(fontspec)             - 'bold small caps'  (b/sc) with NFSS spec.: 
(fontspec)             - 'italic' (m/it) with NFSS spec.:
(fontspec)             <->"KaiTi/OT:script=hani;language=dflt;"
(fontspec)             - 'italic small caps'  (m/scit) with NFSS spec.: 

)) (d:/TeX live/2023/texmf-dist/tex/latex/ctex/config/ctex.cfg
File: ctex.cfg 2022/07/14 v2.5.10 Configuration file (CTEX)
) (d:/TeX live/2023/texmf-dist/tex/latex/pgf/frontendlayer/tikz.sty (d:/TeX live/2023/texmf-dist/tex/latex/pgf/basiclayer/pgf.sty
Package: pgf 2023-01-15 v3.1.10 (3.1.10)
 (d:/TeX live/2023/texmf-dist/tex/generic/pgf/modules/pgfmoduleshapes.code.tex
File: pgfmoduleshapes.code.tex 2023-01-15 v3.1.10 (3.1.10)
\pgfnodeparttextbox=\box83
) (d:/TeX live/2023/texmf-dist/tex/generic/pgf/modules/pgfmoduleplot.code.tex
File: pgfmoduleplot.code.tex 2023-01-15 v3.1.10 (3.1.10)
) (d:/TeX live/2023/texmf-dist/tex/latex/pgf/compatibility/pgfcomp-version-0-65.sty
Package: pgfcomp-version-0-65 2023-01-15 v3.1.10 (3.1.10)
\pgf@nodesepstart=\dimen330
\pgf@nodesepend=\dimen331
) (d:/TeX live/2023/texmf-dist/tex/latex/pgf/compatibility/pgfcomp-version-1-18.sty
Package: pgfcomp-version-1-18 2023-01-15 v3.1.10 (3.1.10)
)) (d:/TeX live/2023/texmf-dist/tex/latex/pgf/utilities/pgffor.sty (d:/TeX live/2023/texmf-dist/tex/generic/pgf/utilities/pgffor.code.tex
Package: pgffor 2023-01-15 v3.1.10 (3.1.10)
\pgffor@iter=\dimen332
\pgffor@skip=\dimen333
\pgffor@stack=\toks47
\pgffor@toks=\toks48
)) (d:/TeX live/2023/texmf-dist/tex/generic/pgf/frontendlayer/tikz/tikz.code.tex
Package: tikz 2023-01-15 v3.1.10 (3.1.10)
 (d:/TeX live/2023/texmf-dist/tex/generic/pgf/libraries/pgflibraryplothandlers.code.tex
File: pgflibraryplothandlers.code.tex 2023-01-15 v3.1.10 (3.1.10)
\pgf@plot@mark@count=\count366
\pgfplotmarksize=\dimen334
)
\tikz@lastx=\dimen335
\tikz@lasty=\dimen336
\tikz@lastxsaved=\dimen337
\tikz@lastysaved=\dimen338
\tikz@lastmovetox=\dimen339
\tikz@lastmovetoy=\dimen340
\tikzleveldistance=\dimen341
\tikzsiblingdistance=\dimen342
\tikz@figbox=\box84
\tikz@figbox@bg=\box85
\tikz@tempbox=\box86
\tikz@tempbox@bg=\box87
\tikztreelevel=\count367
\tikznumberofchildren=\count368
\tikznumberofcurrentchild=\count369
\tikz@fig@count=\count370
 (d:/TeX live/2023/texmf-dist/tex/generic/pgf/modules/pgfmodulematrix.code.tex
File: pgfmodulematrix.code.tex 2023-01-15 v3.1.10 (3.1.10)
\pgfmatrixcurrentrow=\count371
\pgfmatrixcurrentcolumn=\count372
\pgf@matrix@numberofcolumns=\count373
)
\tikz@expandcount=\count374
 (d:/TeX live/2023/texmf-dist/tex/generic/pgf/frontendlayer/tikz/libraries/tikzlibrarytopaths.code.tex
File: tikzlibrarytopaths.code.tex 2023-01-15 v3.1.10 (3.1.10)
))) (d:/TeX live/2023/texmf-dist/tex/generic/ulem/ulem.sty
\UL@box=\box88
\UL@hyphenbox=\box89
\UL@skip=\skip77
\UL@hook=\toks49
\UL@height=\dimen343
\UL@pe=\count375
\UL@pixel=\dimen344
\ULC@box=\box90
Package: ulem 2019/11/18
\ULdepth=\dimen345
) (d:/TeX live/2023/texmf-dist/tex/generic/pgf/frontendlayer/tikz/libraries/tikzlibraryarrows.code.tex
File: tikzlibraryarrows.code.tex 2023-01-15 v3.1.10 (3.1.10)
 (d:/TeX live/2023/texmf-dist/tex/generic/pgf/libraries/pgflibraryarrows.code.tex
File: pgflibraryarrows.code.tex 2023-01-15 v3.1.10 (3.1.10)
\arrowsize=\dimen346
)) (d:/TeX live/2023/texmf-dist/tex/generic/hologo/hologo.sty
Package: hologo 2021-11-16 v1.15 A logo collection with bookmark support (HO)
) (d:/TeX live/2023/texmf-dist/tex/generic/shapepar/shapepar.sty
\cutoutsep=\skip78
Package: shapepar 2013/03/26 v 2.2x, Shaped paragraphs
\SH@scale=\dimen347
\SH@boxb=\box91
\SH@ntries=\count376
\spec@bot=\dimen348
\sqrtcount=\count377
) (d:/TeX live/2023/texmf-dist/tex/latex/hyperxmp/hyperxmp.sty
Package: hyperxmp 2022/10/16 v5.11 Store hyperref metadata in XMP format
\hyxmp@aep@toks=\toks50
 (d:/TeX live/2023/texmf-dist/tex/latex/ifmtarg/ifmtarg.sty
Package: ifmtarg 2018/04/16 v1.2b check for an empty argument
) (d:/TeX live/2023/texmf-dist/tex/latex/base/ifthen.sty
Package: ifthen 2022/04/13 v1.1d Standard LaTeX ifthen package (DPC)
)
\@hyxmp@count=\count378
 (d:/TeX live/2023/texmf-dist/tex/latex/oberdiek/ifdraft.sty
Package: ifdraft 2016/05/16 v1.4 Detect class options draft and final (HO)
) (d:/TeX live/2023/texmf-dist/tex/generic/iftex/ifluatex.sty
Package: ifluatex 2019/10/25 v1.5 ifluatex legacy package. Use iftex instead.
)) (d:/TeX live/2023/texmf-dist/tex/latex/booktabs/booktabs.sty
Package: booktabs 2020/01/12 v1.61803398 Publication quality tables
\heavyrulewidth=\dimen349
\lightrulewidth=\dimen350
\cmidrulewidth=\dimen351
\belowrulesep=\dimen352
\belowbottomsep=\dimen353
\aboverulesep=\dimen354
\abovetopsep=\dimen355
\cmidrulesep=\dimen356
\cmidrulekern=\dimen357
\defaultaddspace=\dimen358
\@cmidla=\count379
\@cmidlb=\count380
\@aboverulesep=\dimen359
\@belowrulesep=\dimen360
\@thisruleclass=\count381
\@lastruleclass=\count382
\@thisrulewidth=\dimen361
) (d:/TeX live/2023/texmf-dist/tex/latex/listings/listings.sty
\lst@mode=\count383
\lst@gtempboxa=\box92
\lst@token=\toks51
\lst@length=\count384
\lst@currlwidth=\dimen362
\lst@column=\count385
\lst@pos=\count386
\lst@lostspace=\dimen363
\lst@width=\dimen364
\lst@newlines=\count387
\lst@lineno=\count388
\lst@maxwidth=\dimen365
 (d:/TeX live/2023/texmf-dist/tex/latex/listings/lstmisc.sty
File: lstmisc.sty 2023/02/27 1.9 (Carsten Heinz)
\c@lstnumber=\count389
\lst@skipnumbers=\count390
\lst@framebox=\box93
) (d:/TeX live/2023/texmf-dist/tex/latex/listings/listings.cfg
File: listings.cfg 2023/02/27 1.9 listings configuration
))
Package: listings 2023/02/27 1.9 (Carsten Heinz)
 (d:/TeX live/2023/texmf-dist/tex/xelatex/xecjk/xeCJK-listings.sty
Package: xeCJK-listings 2022/08/05 v3.9.1 xeCJK patch file for listings
\l__xeCJK_listings_max_char_int=\count391
\l__xeCJK_listings_flag_int=\count392
) (d:/TeX live/2023/texmf-dist/tex/latex/tipa/tipa.sty
Package: tipa 2002/08/08 TIPA version 1.1
 (d:/TeX live/2023/texmf-dist/tex/latex/base/fontenc.sty
Package: fontenc 2021/04/29 v2.0v Standard LaTeX package
 (d:/TeX live/2023/texmf-dist/tex/latex/tipa/t3enc.def
File: t3enc.def 2001/12/31 T3 encoding
LaTeX Font Info:    Font shape `TU/lmss/m/it' in size <10.95> not available
(Font)              Font shape `TU/lmss/m/sl' tried instead on input line 316.

Package fontspec Info: Could not resolve font "Microsoft YaHei Bold/I" (it
(fontspec)             probably doesn't exist).


Package fontspec Info: Could not resolve font "Microsoft YaHei/I" (it probably
(fontspec)             doesn't exist).


Package fontspec Info: Font family 'MicrosoftYaHei(0)' created for font
(fontspec)             'Microsoft YaHei' with options
(fontspec)             [Script={CJK},BoldFont={* Bold}].
(fontspec)              
(fontspec)              This font family consists of the following NFSS
(fontspec)             series/shapes:
(fontspec)              
(fontspec)             - 'normal' (m/n) with NFSS spec.: <->"Microsoft
(fontspec)             YaHei/OT:script=hani;language=dflt;"
(fontspec)             - 'small caps'  (m/sc) with NFSS spec.: 
(fontspec)             - 'bold' (b/n) with NFSS spec.: <->"Microsoft YaHei
(fontspec)             Bold/OT:script=hani;language=dflt;"
(fontspec)             - 'bold small caps'  (b/sc) with NFSS spec.: 
(fontspec)             - 'bold italic' (b/it) with NFSS spec.: <->"Microsoft
(fontspec)             YaHei/BI/OT:script=hani;language=dflt;"
(fontspec)             - 'bold italic small caps'  (b/scit) with NFSS spec.: 

LaTeX Font Info:    Trying to load font information for T3+lmss on input line 357.
LaTeX Font Info:    No file T3lmss.fd. on input line 357.
LaTeX Font Info:    Trying to load font information for T3+cmr on input line 357.
 (d:/TeX live/2023/texmf-dist/tex/latex/tipa/t3cmr.fd
File: t3cmr.fd 2001/12/31 TIPA font definitions
)

LaTeX Font Warning: Font shape `T3/lmss/m/n' undefined
(Font)              using `T3/cmr/m/n' instead on input line 357.

))) (d:/TeX live/2023/texmf-dist/tex/latex/tools/multicol.sty
Package: multicol 2021/11/30 v1.9d multicolumn formatting (FMi)
\c@tracingmulticols=\count393
\mult@box=\box94
\multicol@leftmargin=\dimen366
\c@unbalance=\count394
\c@collectmore=\count395
\doublecol@number=\count396
\multicoltolerance=\count397
\multicolpretolerance=\count398
\full@width=\dimen367
\page@free=\dimen368
\premulticols=\dimen369
\postmulticols=\dimen370
\multicolsep=\skip79
\multicolbaselineskip=\skip80
\partial@page=\box95
\last@line=\box96
\maxbalancingoverflow=\dimen371
\mult@rightbox=\box97
\mult@grightbox=\box98
\mult@firstbox=\box99
\mult@gfirstbox=\box100
\@tempa=\box101
\@tempa=\box102
\@tempa=\box103
\@tempa=\box104
\@tempa=\box105
\@tempa=\box106
\@tempa=\box107
\@tempa=\box108
\@tempa=\box109
\@tempa=\box110
\@tempa=\box111
\@tempa=\box112
\@tempa=\box113
\@tempa=\box114
\@tempa=\box115
\@tempa=\box116
\@tempa=\box117
\@tempa=\box118
\@tempa=\box119
\@tempa=\box120
\@tempa=\box121
\@tempa=\box122
\@tempa=\box123
\@tempa=\box124
\@tempa=\box125
\@tempa=\box126
\@tempa=\box127
\@tempa=\box128
\@tempa=\box129
\@tempa=\box130
\@tempa=\box131
\@tempa=\box132
\@tempa=\box133
\@tempa=\box134
\@tempa=\box135
\@tempa=\box136
\c@minrows=\count399
\c@columnbadness=\count400
\c@finalcolumnbadness=\count401
\last@try=\dimen372
\multicolovershoot=\dimen373
\multicolundershoot=\dimen374
\mult@nat@firstbox=\box137
\colbreak@box=\box138
\mc@col@check@num=\count402
) (d:/TeX live/2023/texmf-dist/tex/latex/datetime2/datetime2.sty
Package: datetime2 2021/03/21 v1.5.7 (NLCT) date and time formats
 (d:/TeX live/2023/texmf-dist/tex/latex/tracklang/tracklang.sty
Package: tracklang 2022/12/13 v1.6.1 (NLCT) Track Languages
 (d:/TeX live/2023/texmf-dist/tex/generic/tracklang/tracklang.tex)) (d:/TeX live/2023/texmf-dist/tex/latex/xkeyval/xkeyval.sty
Package: xkeyval 2022/06/16 v2.9 package option processing (HA)
 (d:/TeX live/2023/texmf-dist/tex/generic/xkeyval/xkeyval.tex (d:/TeX live/2023/texmf-dist/tex/generic/xkeyval/xkvutils.tex
\XKV@toks=\toks52
\XKV@tempa@toks=\toks53
)
\XKV@depth=\count403
File: xkeyval.tex 2014/12/03 v2.7a key=value parser (HA)
)) (d:/TeX live/2023/texmf-dist/tex/latex/datetime2-english/datetime2-english.ldf
File: datetime2-english.ldf 2019/10/21 v1.05 (NLCT)
 (d:/TeX live/2023/texmf-dist/tex/latex/datetime2-english/datetime2-english-base.ldf
File: datetime2-english-base.ldf 2019/10/21 v1.05 (NLCT)
))) (d:/TeX live/2023/texmf-dist/tex/latex/fontawesome5/fontawesome5.sty
Package: fontawesome5 2022/05/02 v5.15.4 Font Awesome 5
 (d:/TeX live/2023/texmf-dist/tex/latex/l3packages/l3keys2e/l3keys2e.sty
Package: l3keys2e 2023-02-02 LaTeX2e option processing using LaTeX3 keys
) (d:/TeX live/2023/texmf-dist/tex/latex/fontawesome5/fontawesome5-utex-helper.sty
Package: fontawesome5-utex-helper 2022/05/02 v5.15.4 uTeX helper for fontawesome5
LaTeX Font Info:    Trying to load font information for TU+fontawesomefree on input line 69.
 (d:/TeX live/2023/texmf-dist/tex/latex/fontawesome5/tufontawesomefree.fd)
LaTeX Font Info:    Trying to load font information for TU+fontawesomebrands on input line 70.
 (d:/TeX live/2023/texmf-dist/tex/latex/fontawesome5/tufontawesomebrands.fd))) (d:/TeX live/2023/texmf-dist/tex/latex/biblatex/biblatex.sty
Package: biblatex 2023/03/05 v3.19 programmable bibliographies (PK/MW)
 (d:/TeX live/2023/texmf-dist/tex/latex/logreq/logreq.sty
Package: logreq 2010/08/04 v1.0 xml request logger
\lrq@indent=\count404
 (d:/TeX live/2023/texmf-dist/tex/latex/logreq/logreq.def
File: logreq.def 2010/08/04 v1.0 logreq spec v1.0
))
\c@tabx@nest=\count405
\c@listtotal=\count406
\c@listcount=\count407
\c@liststart=\count408
\c@liststop=\count409
\c@citecount=\count410
\c@citetotal=\count411
\c@multicitecount=\count412
\c@multicitetotal=\count413
\c@instcount=\count414
\c@maxnames=\count415
\c@minnames=\count416
\c@maxitems=\count417
\c@minitems=\count418
\c@citecounter=\count419
\c@maxcitecounter=\count420
\c@savedcitecounter=\count421
\c@uniquelist=\count422
\c@uniquename=\count423
\c@refsection=\count424
\c@refsegment=\count425
\c@maxextratitle=\count426
\c@maxextratitleyear=\count427
\c@maxextraname=\count428
\c@maxextradate=\count429
\c@maxextraalpha=\count430
\c@abbrvpenalty=\count431
\c@highnamepenalty=\count432
\c@lownamepenalty=\count433
\c@maxparens=\count434
\c@parenlevel=\count435
\blx@tempcnta=\count436
\blx@tempcntb=\count437
\blx@tempcntc=\count438
\c@blx@maxsection=\count439
\blx@maxsegment@0=\count440
\blx@notetype=\count441
\blx@parenlevel@text=\count442
\blx@parenlevel@foot=\count443
\blx@sectionciteorder@0=\count444
\blx@sectionciteorderinternal@0=\count445
\blx@entrysetcounter=\count446
\blx@biblioinstance=\count447
\labelnumberwidth=\skip81
\labelalphawidth=\skip82
\biblabelsep=\skip83
\bibitemsep=\skip84
\bibnamesep=\skip85
\bibinitsep=\skip86
\bibparsep=\skip87
\bibhang=\skip88
\blx@bcfin=\read3
\blx@bcfout=\write5
\blx@langwohyphens=\language87
\c@mincomprange=\count448
\c@maxcomprange=\count449
\c@mincompwidth=\count450
Package biblatex Info: Trying to load biblatex default data model...
Package biblatex Info: ... file 'blx-dm.def' found.
 (d:/TeX live/2023/texmf-dist/tex/latex/biblatex/blx-dm.def
File: blx-dm.def 2023/03/05 v3.19 biblatex localization (PK/MW)
)
Package biblatex Info: Trying to load biblatex style data model...
Package biblatex Info: ... file 'gb7714-2015.dbx' not found.
Package biblatex Info: Trying to load biblatex custom data model...
Package biblatex Info: ... file 'biblatex-dm.cfg' not found.
\c@afterword=\count451
\c@savedafterword=\count452
\c@annotator=\count453
\c@savedannotator=\count454
\c@author=\count455
\c@savedauthor=\count456
\c@bookauthor=\count457
\c@savedbookauthor=\count458
\c@commentator=\count459
\c@savedcommentator=\count460
\c@editor=\count461
\c@savededitor=\count462
\c@editora=\count463
\c@savededitora=\count464
\c@editorb=\count465
\c@savededitorb=\count466
\c@editorc=\count467
\c@savededitorc=\count468
\c@foreword=\count469
\c@savedforeword=\count470
\c@holder=\count471
\c@savedholder=\count472
\c@introduction=\count473
\c@savedintroduction=\count474
\c@namea=\count475
\c@savednamea=\count476
\c@nameb=\count477
\c@savednameb=\count478
\c@namec=\count479
\c@savednamec=\count480
\c@translator=\count481
\c@savedtranslator=\count482
\c@shortauthor=\count483
\c@savedshortauthor=\count484
\c@shorteditor=\count485
\c@savedshorteditor=\count486
\c@labelname=\count487
\c@savedlabelname=\count488
\c@institution=\count489
\c@savedinstitution=\count490
\c@lista=\count491
\c@savedlista=\count492
\c@listb=\count493
\c@savedlistb=\count494
\c@listc=\count495
\c@savedlistc=\count496
\c@listd=\count497
\c@savedlistd=\count498
\c@liste=\count499
\c@savedliste=\count500
\c@listf=\count501
\c@savedlistf=\count502
\c@location=\count503
\c@savedlocation=\count504
\c@organization=\count505
\c@savedorganization=\count506
\c@origlocation=\count507
\c@savedoriglocation=\count508
\c@origpublisher=\count509
\c@savedorigpublisher=\count510
\c@publisher=\count511
\c@savedpublisher=\count512
\c@language=\count513
\c@savedlanguage=\count514
\c@origlanguage=\count515
\c@savedoriglanguage=\count516
\c@pageref=\count517
\c@savedpageref=\count518
\shorthandwidth=\skip89
\shortjournalwidth=\skip90
\shortserieswidth=\skip91
\shorttitlewidth=\skip92
\shortauthorwidth=\skip93
\shorteditorwidth=\skip94
\locallabelnumberwidth=\skip95
\locallabelalphawidth=\skip96
\localshorthandwidth=\skip97
\localshortjournalwidth=\skip98
\localshortserieswidth=\skip99
\localshorttitlewidth=\skip100
\localshortauthorwidth=\skip101
\localshorteditorwidth=\skip102
Package biblatex Info: Trying to load enhanced support for Unicode engines...
Package biblatex Info: ... file 'blx-unicode.def' found.
 (d:/TeX live/2023/texmf-dist/tex/latex/biblatex/blx-unicode.def)
Package biblatex Info: Trying to load compatibility code...
Package biblatex Info: ... file 'blx-compat.def' found.
 (d:/TeX live/2023/texmf-dist/tex/latex/biblatex/blx-compat.def
File: blx-compat.def 2023/03/05 v3.19 biblatex compatibility (PK/MW)
)
Package biblatex Info: Trying to load generic definitions...
Package biblatex Info: ... file 'biblatex.def' found.
 (d:/TeX live/2023/texmf-dist/tex/latex/biblatex/biblatex.def
File: biblatex.def 2023/03/05 v3.19 biblatex compatibility (PK/MW)
\c@textcitecount=\count519
\c@textcitetotal=\count520
\c@textcitemaxnames=\count521
\c@biburlbigbreakpenalty=\count522
\c@biburlbreakpenalty=\count523
\c@biburlnumpenalty=\count524
\c@biburlucpenalty=\count525
\c@biburllcpenalty=\count526
\biburlbigskip=\muskip19
\biburlnumskip=\muskip20
\biburlucskip=\muskip21
\biburllcskip=\muskip22
\c@smartand=\count527
)
Package biblatex Info: Trying to load bibliography style 'gb7714-2015'...
Package biblatex Info: ... file 'gb7714-2015.bbx' found.
 (d:/TeX live/2023/texmf-dist/tex/latex/biblatex-gb7714-2015/gb7714-2015.bbx
File: gb7714-2015.bbx 2022/11/07 v1.1kbiblatex bibliography style
Package biblatex Info: Trying to load bibliography style 'numeric-comp'...
Package biblatex Info: ... file 'numeric-comp.bbx' found.
 (d:/TeX live/2023/texmf-dist/tex/latex/biblatex/bbx/numeric-comp.bbx
File: numeric-comp.bbx 2023/03/05 v3.19 biblatex bibliography style (PK/MW)
Package biblatex Info: Trying to load bibliography style 'numeric'...
Package biblatex Info: ... file 'numeric.bbx' found.
 (d:/TeX live/2023/texmf-dist/tex/latex/biblatex/bbx/numeric.bbx
File: numeric.bbx 2023/03/05 v3.19 biblatex bibliography style (PK/MW)
Package biblatex Info: Trying to load bibliography style 'standard'...
Package biblatex Info: ... file 'standard.bbx' found.
 (d:/TeX live/2023/texmf-dist/tex/latex/biblatex/bbx/standard.bbx
File: standard.bbx 2023/03/05 v3.19 biblatex bibliography style (PK/MW)
\c@bbx:relatedcount=\count528
\c@bbx:relatedtotal=\count529
))) (d:/TeX live/2023/texmf-dist/tex/generic/xstring/xstring.sty (d:/TeX live/2023/texmf-dist/tex/generic/xstring/xstring.tex
\integerpart=\count530
\decimalpart=\count531
)
Package: xstring 2023/01/14 v1.85 String manipulations (CT)
)
\BracketLift=\skip103
\footbibmargin=\skip104
\footbiblabelsep=\skip105
\c@gbnamefmtcase=\count532
\c@gbalignlabel=\count533
\c@gbcitelocalcase=\count534
\c@gbbiblocalcase=\count535
\c@lanordernum=\count536
\bibitemindent=\skip106
\biblabelextend=\skip107
Package biblatex Info: Delimiter 'finalnamedelim' in context '' already defined, overwriting.
)
Package biblatex Info: Trying to load citation style 'gb7714-2015'...
Package biblatex Info: ... file 'gb7714-2015.cbx' found.
 (d:/TeX live/2023/texmf-dist/tex/latex/biblatex-gb7714-2015/gb7714-2015.cbx
File: gb7714-2015.cbx a biblatex citation style for GB/T 7714-2015
Package biblatex Info: Trying to load citation style 'numeric-comp'...
Package biblatex Info: ... file 'numeric-comp.cbx' found.
 (d:/TeX live/2023/texmf-dist/tex/latex/biblatex/cbx/numeric-comp.cbx
File: numeric-comp.cbx 2023/03/05 v3.19 biblatex citation style (PK/MW)
\c@cbx@tempcnta=\count537
\c@cbx@tempcntb=\count538
\c@cbx@tempcntc=\count539
\c@cbx@tempcntd=\count540
Package biblatex Info: Redefining '\cite'.
Package biblatex Info: Redefining '\parencite'.
Package biblatex Info: Redefining '\footcite'.
Package biblatex Info: Redefining '\footcitetext'.
Package biblatex Info: Redefining '\smartcite'.
Package biblatex Info: Redefining '\supercite'.
Package biblatex Info: Redefining '\textcite'.
Package biblatex Info: Redefining '\textcites'.
Package biblatex Info: Redefining '\cites'.
Package biblatex Info: Redefining '\parencites'.
Package biblatex Info: Redefining '\smartcites'.
)
Package biblatex Info: Redefining '\cite'.
Package biblatex Info: Redefining '\parencite'.
Package biblatex Info: Redefining '\cbx@textcite'.
)
Package biblatex Info: Trying to load configuration file...
Package biblatex Info: ... file 'biblatex.cfg' found.
 (d:/TeX live/2023/texmf-dist/tex/latex/biblatex/biblatex.cfg
File: biblatex.cfg 
)
Package biblatex Info: XeTeX detected.
(biblatex)             Assuming input encoding 'utf8'.
Package biblatex Info: Document encoding is UTF8 ....
Package biblatex Info: ... and expl3
(biblatex)             2023-02-22 L3 programming layer (loader) 
(biblatex)             is new enough (at least 2020/04/06),
(biblatex)             setting 'casechanger=expl3'.
 (d:/TeX live/2023/texmf-dist/tex/latex/biblatex/blx-case-expl3.sty
Package: blx-case-expl3 2023/03/05 v3.19 expl3 case changing code for biblatex
))
Package hyperref Info: Option `unicode' set `true' on input line 54.
Package hyperref Info: Option `psdextra' set `true' on input line 54.
 (d:/TeX live/2023/texmf-dist/tex/latex/hyperref/puenc-greekbasic.def
File: puenc-greekbasic.def 2023-02-07 v7.00v Hyperref: PDF Unicode definition (greek block) (HO)
) (d:/TeX live/2023/texmf-dist/tex/latex/hyperref/psdextra.def
File: psdextra.def 2023-02-07 v7.00v Hyperref: Additions to PDF string support
)
Package hyperref Info: Option `pdfdisplaydoctitle' set `true' on input line 54.
 (./beamerthemesjtubeamer.sty
Package: beamerthemesjtubeamer 2024/10/21 3.1.0 sjtubeamer parent theme
 (./beamercolorthemesjtubeamer.sty
Package: beamercolorthemesjtubeamer 2024/10/21 3.1.0 sjtubeamer color theme
 (./sjtuvi.sty
Package: sjtuvi 2024/10/21 3.1.0 Visual Identity System library for sjtubeamer
\sjtubeamer@tempbox=\box139
\sjtubeamer@h=\skip108
 (d:/TeX live/2023/texmf-dist/tex/generic/pgf/frontendlayer/tikz/libraries/tikzlibraryfadings.code.tex
File: tikzlibraryfadings.code.tex 2023-01-15 v3.1.10 (3.1.10)
 (d:/TeX live/2023/texmf-dist/tex/generic/pgf/libraries/pgflibraryfadings.code.tex
File: pgflibraryfadings.code.tex 2023-01-15 v3.1.10 (3.1.10)
)) (d:/TeX live/2023/texmf-dist/tex/generic/pgf/frontendlayer/tikz/libraries/tikzlibrarydecorations.pathmorphing.code.tex (d:/TeX live/2023/texmf-dist/tex/generic/pgf/frontendlayer/tikz/libraries/tikzlibrarydecorations.code.tex (d:/TeX live/2023/texmf-dist/tex/generic/pgf/modules/pgfmoduledecorations.code.tex
\pgfdecoratedcompleteddistance=\dimen375
\pgfdecoratedremainingdistance=\dimen376
\pgfdecoratedinputsegmentcompleteddistance=\dimen377
\pgfdecoratedinputsegmentremainingdistance=\dimen378
\pgf@decorate@distancetomove=\dimen379
\pgf@decorate@repeatstate=\count541
\pgfdecorationsegmentamplitude=\dimen380
\pgfdecorationsegmentlength=\dimen381
)
\tikz@lib@dec@box=\box140
) (d:/TeX live/2023/texmf-dist/tex/generic/pgf/libraries/decorations/pgflibrarydecorations.pathmorphing.code.tex)) (d:/TeX live/2023/texmf-dist/tex/latex/pgf/frontendlayer/libraries/tikzlibraryexternal.code.tex (d:/TeX live/2023/texmf-dist/tex/generic/pgf/frontendlayer/tikz/libraries/tikzexternalshared.code.tex)) (d:/TeX live/2023/texmf-dist/tex/generic/pgf/frontendlayer/tikz/libraries/tikzlibrarybackgrounds.code.tex
File: tikzlibrarybackgrounds.code.tex 2023-01-15 v3.1.10 (3.1.10)
\pgf@layerbox@background=\box141
\pgf@layerboxsaved@background=\box142
)
File: vi/sjtu-vi-sjtubadge.pdf Graphic file (type pdf)
<use vi/sjtu-vi-sjtubadge.pdf>
File: vi/sjtu-vi-zhlogo.pdf Graphic file (type pdf)
<use vi/sjtu-vi-zhlogo.pdf>
File: vi/sjtu-vi-enlogo.pdf Graphic file (type pdf)
<use vi/sjtu-vi-enlogo.pdf>
File: vi/sjtu-vi-dlogo.pdf Graphic file (type pdf)
<use vi/sjtu-vi-dlogo.pdf>
File: vi/sjtu-vi-vlogo.pdf Graphic file (type pdf)
<use vi/sjtu-vi-vlogo.pdf>
File: vi/sjtu-vi-sjtubg.png Graphic file (type bmp)
<vi/sjtu-vi-sjtubg.png>
File: vi/sjtu-vi-sjtugate.png Graphic file (type bmp)
<vi/sjtu-vi-sjtugate.png>
 (d:/TeX live/2023/texmf-dist/tex/generic/pgf/frontendlayer/tikz/libraries/tikzlibrarypatterns.meta.code.tex (d:/TeX live/2023/texmf-dist/tex/generic/pgf/libraries/pgflibrarypatterns.meta.code.tex)))) (./beamerfontthemesjtubeamer.sty
Package: beamerfontthemesjtubeamer 2024/10/21 3.1.0 sjtubeamer font theme
 (d:/TeX live/2023/texmf-dist/tex/latex/silence/silence.sty
Package: silence 2012/07/02 v1.5b Selective filtering of warnings and error messages
\sl@Save=\count542
\sl@StateNumber=\count543
\sl@MessageCount=\count544
\sl@Casualties=\count545
\sl@Filter=\toks54
\sl@Message=\toks55
\sl@UnexpandedMessage=\toks56
\sl@Mess@ge=\toks57
\sl@WarningCount=\count546
\sl@WarningNumber=\count547
\sl@WarningCasualties=\count548
\sl@TempBOW=\toks58
\sl@BankOfWarnings=\toks59
LaTeX Info: Redefining \GenericWarning on input line 433.
\sl@ErrorCount=\count549
\sl@ErrorNumber=\count550
\sl@ErrorCasualties=\count551
\sl@TempBOE=\toks60
\sl@BankOfErrors=\toks61
LaTeX Info: Redefining \GenericError on input line 601.
) (d:/TeX live/2023/texmf-dist/tex/latex/beamer/beamerfontthemeprofessionalfonts.sty) (d:/TeX live/2023/texmf-dist/tex/latex/beamer/beamerfontthemestructurebold.sty)) (./beamerinnerthemesjtubeamer.sty
Package: beamerinnerthemesjtubeamer 2024/10/21 3.1.0 sjtubeamer inner theme
 (d:/TeX live/2023/texmf-dist/tex/latex/tcolorbox/tcolorbox.sty
Package: tcolorbox 2023/02/12 version 6.0.1 text color boxes
 (d:/TeX live/2023/texmf-dist/tex/latex/tools/verbatim.sty
Package: verbatim 2022-07-02 v1.5u LaTeX2e package for verbatim enhancements
\every@verbatim=\toks62
\verbatim@line=\toks63
\verbatim@in@stream=\read4
) (d:/TeX live/2023/texmf-dist/tex/latex/environ/environ.sty
Package: environ 2014/05/04 v0.3 A new way to define environments
 (d:/TeX live/2023/texmf-dist/tex/latex/trimspaces/trimspaces.sty
Package: trimspaces 2009/09/17 v1.1 Trim spaces around a token list
))
\tcb@titlebox=\box143
\tcb@upperbox=\box144
\tcb@lowerbox=\box145
\tcb@phantombox=\box146
\c@tcbbreakpart=\count552
\c@tcblayer=\count553
\c@tcolorbox@number=\count554
\tcb@temp=\box147
\tcb@temp=\box148
\tcb@temp=\box149
\tcb@temp=\box150
) (d:/TeX live/2023/texmf-dist/tex/latex/tcolorbox/tcbskins.code.tex
Library (tcolorbox): 'tcbskins.code.tex' version '6.0.1'
(d:/TeX live/2023/texmf-dist/tex/latex/tikzfill/tikzfill.image.sty
Package: tikzfill.image 2022/07/20 v1.0.0 Image filling library for TikZ
 (d:/TeX live/2023/texmf-dist/tex/latex/tikzfill/tikzfill-common.sty
Package: tikzfill-common 2022/07/20 v1.0.0 Auxiliary code for tikzfill
) (d:/TeX live/2023/texmf-dist/tex/latex/tikzfill/tikzlibraryfill.image.code.tex
File: tikzlibraryfill.image.code.tex 2022/07/20 v1.0.0 Image filling library
\l__tikzfill_img_box=\box151
)) (d:/TeX live/2023/texmf-dist/tex/latex/tcolorbox/tcbskinsjigsaw.code.tex
Library (tcolorbox): 'tcbskinsjigsaw.code.tex' version '6.0.1'
)) (d:/TeX live/2023/texmf-dist/tex/latex/tcolorbox/tcblistingsutf8.code.tex
Library (tcolorbox): 'tcblistingsutf8.code.tex' version '6.0.1'
(d:/TeX live/2023/texmf-dist/tex/latex/tcolorbox/tcblistings.code.tex
Library (tcolorbox): 'tcblistings.code.tex' version '6.0.1'
(d:/TeX live/2023/texmf-dist/tex/latex/tcolorbox/tcblistingscore.code.tex
Library (tcolorbox): 'tcblistingscore.code.tex' version '6.0.1'
(d:/TeX live/2023/texmf-dist/tex/latex/tcolorbox/tcbprocessing.code.tex
Library (tcolorbox): 'tcbprocessing.code.tex' version '6.0.1'
(d:/TeX live/2023/texmf-dist/tex/latex/tools/shellesc.sty
Package: shellesc 2019/11/08 v1.0c unified shell escape interface for LaTeX
Package shellesc Info: Restricted shell escape enabled on input line 77.
))
\c@tcblisting=\count555
))
Package tcolorbox Info: Library `listingsutf8' is compatible with pdftex only. Library `listings` is loaded instead. on input line 29.
) (./sjtucover.sty
Package: sjtucover 2024/10/21 3.1.0 cover library for sjtubeamer
)
\beamer@sidebarwidth=\dimen382
\c@stampblockcnt=\count556
) (./beamerouterthemesjtubeamer.sty
Package: beamerouterthemesjtubeamer 2024/10/21 3.1.0 sjtubeamer outer theme
 (d:/TeX live/2023/texmf-dist/tex/latex/beamer/beamerouterthememiniframes.sty))) (d:/TeX live/2023/texmf-dist/tex/latex/listings/lstlang1.sty
File: lstlang1.sty 2023/02/27 1.9 listings language file
) (d:/TeX live/2023/texmf-dist/tex/latex/listings/lstlang2.sty
File: lstlang2.sty 2023/02/27 1.9 listings language file
) (d:/TeX live/2023/texmf-dist/tex/latex/listings/lstlang3.sty
File: lstlang3.sty 2023/02/27 1.9 listings language file
) (d:/TeX live/2023/texmf-dist/tex/latex/listings/lstlang1.sty
File: lstlang1.sty 2023/02/27 1.9 listings language file
) (d:/TeX live/2023/texmf-dist/tex/latex/listings/lstlang2.sty
File: lstlang2.sty 2023/02/27 1.9 listings language file
) (d:/TeX live/2023/texmf-dist/tex/latex/listings/lstlang3.sty
File: lstlang3.sty 2023/02/27 1.9 listings language file
) (d:/TeX live/2023/texmf-dist/tex/latex/listings/lstlang1.sty
File: lstlang1.sty 2023/02/27 1.9 listings language file
) (d:/TeX live/2023/texmf-dist/tex/latex/listings/lstlang2.sty
File: lstlang2.sty 2023/02/27 1.9 listings language file
) (d:/TeX live/2023/texmf-dist/tex/latex/listings/lstlang3.sty
File: lstlang3.sty 2023/02/27 1.9 listings language file
) (d:/TeX live/2023/texmf-dist/tex/latex/listings/lstmisc.sty
File: lstmisc.sty 2023/02/27 1.9 (Carsten Heinz)
)
\@quotelevel=\count557
\@quotereset=\count558
 (./main.aux (./contents/introduction.aux) (./contents/basis.aux) (./contents/thesis.aux) (./contents/summary.aux))
\openout1 = `main.aux'.

LaTeX Font Info:    Checking defaults for OML/cmm/m/it on input line 133.
LaTeX Font Info:    ... okay on input line 133.
LaTeX Font Info:    Checking defaults for OMS/cmsy/m/n on input line 133.
LaTeX Font Info:    ... okay on input line 133.
LaTeX Font Info:    Checking defaults for OT1/cmr/m/n on input line 133.
LaTeX Font Info:    ... okay on input line 133.
LaTeX Font Info:    Checking defaults for T1/cmr/m/n on input line 133.
LaTeX Font Info:    ... okay on input line 133.
LaTeX Font Info:    Checking defaults for TS1/cmr/m/n on input line 133.
LaTeX Font Info:    ... okay on input line 133.
LaTeX Font Info:    Checking defaults for TU/lmr/m/n on input line 133.
LaTeX Font Info:    ... okay on input line 133.
LaTeX Font Info:    Checking defaults for OMX/cmex/m/n on input line 133.
LaTeX Font Info:    ... okay on input line 133.
LaTeX Font Info:    Checking defaults for U/cmr/m/n on input line 133.
LaTeX Font Info:    ... okay on input line 133.
LaTeX Font Info:    Checking defaults for PD1/pdf/m/n on input line 133.
LaTeX Font Info:    ... okay on input line 133.
LaTeX Font Info:    Checking defaults for PU/pdf/m/n on input line 133.
LaTeX Font Info:    ... okay on input line 133.
LaTeX Font Info:    Checking defaults for T3/cmr/m/n on input line 133.
LaTeX Font Info:    ... okay on input line 133.

*geometry* driver: auto-detecting
*geometry* detected driver: xetex
*geometry* verbose mode - [ preamble ] result:
* driver: xetex
* paper: custom
* layout: <same size as paper>
* layoutoffset:(h,v)=(0.0pt,0.0pt)
* modes: includehead includefoot 
* h-part:(L,W,R)=(28.45274pt, 398.3386pt, 28.45274pt)
* v-part:(T,H,B)=(0.0pt, 256.0748pt, 0.0pt)
* \paperwidth=455.24408pt
* \paperheight=256.0748pt
* \textwidth=398.3386pt
* \textheight=227.62207pt
* \oddsidemargin=-43.81725pt
* \evensidemargin=-43.81725pt
* \topmargin=-72.26999pt
* \headheight=14.22636pt
* \headsep=0.0pt
* \topskip=11.0pt
* \footskip=14.22636pt
* \marginparwidth=4.0pt
* \marginparsep=10.0pt
* \columnsep=10.0pt
* \skip\footins=10.0pt plus 4.0pt minus 2.0pt
* \hoffset=0.0pt
* \voffset=0.0pt
* \mag=1000
* \@twocolumnfalse
* \@twosidefalse
* \@mparswitchfalse
* \@reversemarginfalse
* (1in=72.27pt=25.4mm, 1cm=28.453pt)

Package hyperref Info: Link coloring OFF on input line 133.
(./main.out) (./main.out)
\@outlinefile=\write6
\openout6 = `main.out'.

 (d:/TeX live/2023/texmf-dist/tex/latex/translator/translator-basic-dictionary-English.dict
Dictionary: translator-basic-dictionary, Language: English 
) (d:/TeX live/2023/texmf-dist/tex/latex/translator/translator-bibliography-dictionary-English.dict
Dictionary: translator-bibliography-dictionary, Language: English 
) (d:/TeX live/2023/texmf-dist/tex/latex/translator/translator-environment-dictionary-English.dict
Dictionary: translator-environment-dictionary, Language: English 
) (d:/TeX live/2023/texmf-dist/tex/latex/translator/translator-months-dictionary-English.dict
Dictionary: translator-months-dictionary, Language: English 
) (d:/TeX live/2023/texmf-dist/tex/latex/translator/translator-numbers-dictionary-English.dict
Dictionary: translator-numbers-dictionary, Language: English 
) (d:/TeX live/2023/texmf-dist/tex/latex/translator/translator-theorem-dictionary-English.dict
Dictionary: translator-theorem-dictionary, Language: English 
) (d:/TeX live/2023/texmf-dist/tex/latex/ctex/dictionary/translator-theorem-dictionary-ChineseUTF8.dict
Dictionary: translator-theorem-dictionary, Language: ChineseUTF8 2022/07/14 v2.5.10 Chinese translation for theorem name (CTEX)
)

Package fontspec Info: Adjusting the maths setup (use [no-math] to avoid
(fontspec)             this).

\symlegacymaths=\mathgroup6
LaTeX Font Info:    Overwriting symbol font `legacymaths' in version `bold'
(Font)                  OT1/cmr/m/n --> OT1/cmr/bx/n on input line 133.
LaTeX Font Info:    Redeclaring math accent \acute on input line 133.
LaTeX Font Info:    Redeclaring math accent \grave on input line 133.
LaTeX Font Info:    Redeclaring math accent \ddot on input line 133.
LaTeX Font Info:    Redeclaring math accent \tilde on input line 133.
LaTeX Font Info:    Redeclaring math accent \bar on input line 133.
LaTeX Font Info:    Redeclaring math accent \breve on input line 133.
LaTeX Font Info:    Redeclaring math accent \check on input line 133.
LaTeX Font Info:    Redeclaring math accent \hat on input line 133.
LaTeX Font Info:    Redeclaring math accent \dot on input line 133.
LaTeX Font Info:    Redeclaring math accent \mathring on input line 133.
LaTeX Font Info:    Redeclaring math symbol \Gamma on input line 133.
LaTeX Font Info:    Redeclaring math symbol \Delta on input line 133.
LaTeX Font Info:    Redeclaring math symbol \Theta on input line 133.
LaTeX Font Info:    Redeclaring math symbol \Lambda on input line 133.
LaTeX Font Info:    Redeclaring math symbol \Xi on input line 133.
LaTeX Font Info:    Redeclaring math symbol \Pi on input line 133.
LaTeX Font Info:    Redeclaring math symbol \Sigma on input line 133.
LaTeX Font Info:    Redeclaring math symbol \Upsilon on input line 133.
LaTeX Font Info:    Redeclaring math symbol \Phi on input line 133.
LaTeX Font Info:    Redeclaring math symbol \Psi on input line 133.
LaTeX Font Info:    Redeclaring math symbol \Omega on input line 133.
LaTeX Font Info:    Redeclaring math symbol \mathdollar on input line 133.
LaTeX Font Info:    Redeclaring symbol font `operators' on input line 133.
LaTeX Font Info:    Encoding `OT1' has changed to `TU' for symbol font
(Font)              `operators' in the math version `normal' on input line 133.
LaTeX Font Info:    Overwriting symbol font `operators' in version `normal'
(Font)                  OT1/cmr/m/n --> TU/lmr/m/n on input line 133.
LaTeX Font Info:    Encoding `OT1' has changed to `TU' for symbol font
(Font)              `operators' in the math version `bold' on input line 133.
LaTeX Font Info:    Overwriting symbol font `operators' in version `bold'
(Font)                  OT1/cmr/bx/n --> TU/lmr/m/n on input line 133.
LaTeX Font Info:    Overwriting symbol font `operators' in version `normal'
(Font)                  TU/lmr/m/n --> TU/lmr/m/n on input line 133.
LaTeX Font Info:    Overwriting math alphabet `\mathit' in version `normal'
(Font)                  OT1/cmr/m/it --> TU/lmr/m/it on input line 133.
LaTeX Font Info:    Overwriting math alphabet `\mathbf' in version `normal'
(Font)                  OT1/cmr/bx/n --> TU/lmr/b/n on input line 133.
LaTeX Font Info:    Overwriting math alphabet `\mathsf' in version `normal'
(Font)                  OT1/cmss/m/n --> TU/lmss/m/n on input line 133.
LaTeX Font Info:    Overwriting math alphabet `\mathtt' in version `normal'
(Font)                  OT1/cmtt/m/n --> TU/lmtt/m/n on input line 133.
LaTeX Font Info:    Overwriting symbol font `operators' in version `bold'
(Font)                  TU/lmr/m/n --> TU/lmr/b/n on input line 133.
LaTeX Font Info:    Overwriting math alphabet `\mathit' in version `bold'
(Font)                  OT1/cmr/bx/it --> TU/lmr/b/it on input line 133.
LaTeX Font Info:    Overwriting math alphabet `\mathsf' in version `bold'
(Font)                  OT1/cmss/bx/n --> TU/lmss/b/n on input line 133.
LaTeX Font Info:    Overwriting math alphabet `\mathtt' in version `bold'
(Font)                  OT1/cmtt/m/n --> TU/lmtt/b/n on input line 133.
\c@lstlisting=\count559
Package biblatex Info: Trying to load language 'english'...
Package biblatex Info: ... file 'english.lbx' found.
 (d:/TeX live/2023/texmf-dist/tex/latex/biblatex/lbx/english.lbx
File: english.lbx 2023/03/05 v3.19 biblatex localization (PK/MW)
)
Package biblatex Info: XeTeX detected.
(biblatex)             Assuming input encoding 'utf8'.
Package biblatex Info: Automatic encoding selection.
(biblatex)             Assuming data encoding 'utf8'.
\openout5 = `main.bcf'.

Package biblatex Info: Trying to load bibliographic data...
Package biblatex Info: ... file 'main.bbl' not found.

No file main.bbl.
Package biblatex Info: Reference section=0 on input line 133.
Package biblatex Info: Reference segment=0 on input line 133.
(./main.nav)
File: vi/sjtu-vi-sjtuphoto.jpg Graphic file (type bmp)
<vi/sjtu-vi-sjtuphoto.jpg>
LaTeX Font Info:    Trying to load font information for U+msa on input line 167.
 (d:/TeX live/2023/texmf-dist/tex/latex/amsfonts/umsa.fd
File: umsa.fd 2013/01/14 v3.01 AMS symbols A
)
LaTeX Font Info:    Trying to load font information for U+msb on input line 167.
 (d:/TeX live/2023/texmf-dist/tex/latex/amsfonts/umsb.fd
File: umsb.fd 2013/01/14 v3.01 AMS symbols B
)
File: vi/WUST-logo.pdf Graphic file (type pdf)
<use vi/WUST-logo.pdf>
 [1

]
File: beamericononline.pdf Graphic file (type pdf)
<use beamericononline.pdf>
File: vi/WUST-logo.pdf Graphic file (type pdf)
<use vi/WUST-logo.pdf>
 [2

] (./main.toc)
File: vi/WUST-logo.pdf Graphic file (type pdf)
<use vi/WUST-logo.pdf>
 [3

]
\openout2 = `contents/introduction.aux'.

 (./contents/introduction.tex (./main.toc) [4


] (./main.toc) [5

]
\openout4 = `main.vrb'.

 (./main.vrb
File: figures//Knuth.jpg Graphic file (type bmp)
<figures//Knuth.jpg>
File: figures//Lamport.jpg Graphic file (type bmp)
<figures//Lamport.jpg>
)
File: vi/WUST-logo.pdf Graphic file (type pdf)
<use vi/WUST-logo.pdf>
 [6

]
File: vi/WUST-logo.pdf Graphic file (type pdf)
<use vi/WUST-logo.pdf>
 [7

]
File: vi/WUST-logo.pdf Graphic file (type pdf)
<use vi/WUST-logo.pdf>
 [8

]
File: vi/WUST-logo.pdf Graphic file (type pdf)
<use vi/WUST-logo.pdf>

Overfull \vbox (6.79529pt too high) detected at line 104
 []

[9

]
File: vi/WUST-logo.pdf Graphic file (type pdf)
<use vi/WUST-logo.pdf>
 [10

]
File: figures//ieee-conference-template.pdf Graphic file (type pdf)
<use figures//ieee-conference-template.pdf>
 (0) Try shape with scale 6.31245pt.  (Delta = 0.0).   . . . . . . . . . . . . . . . . Formatting.  Expected 16 lines; got 16 lines Reformat paragraph with \rightskip= 0.0pt.
File: vi/WUST-logo.pdf Graphic file (type pdf)
<use vi/WUST-logo.pdf>

Overfull \vbox (22.64624pt too high) detected at line 228
 []

[11

]
File: figures//slides-beamer.pdf Graphic file (type pdf)
<use figures//slides-beamer.pdf>
File: figures//zut-fibeamer.pdf Graphic file (type pdf)
<use figures//zut-fibeamer.pdf>
File: vi/WUST-logo.pdf Graphic file (type pdf)
<use vi/WUST-logo.pdf>
 [12

] (./main.toc) [13

]
File: vi/WUST-logo.pdf Graphic file (type pdf)
<use vi/WUST-logo.pdf>

Overfull \vbox (8.47668pt too high) detected at line 277
 []

[14

]
\openout4 = `main.vrb'.

 (./main.vrb

Package fontspec Info: Could not resolve font "FangSong/BI" (it probably
(fontspec)             doesn't exist).


Package fontspec Info: Could not resolve font "FangSong/B" (it probably
(fontspec)             doesn't exist).


Package fontspec Info: Could not resolve font "FangSong/I" (it probably
(fontspec)             doesn't exist).


Package fontspec Info: Font family 'FangSong(0)' created for font 'FangSong'
(fontspec)             with options [Script={CJK}].
(fontspec)              
(fontspec)              This font family consists of the following NFSS
(fontspec)             series/shapes:
(fontspec)              
(fontspec)             - 'normal' (m/n) with NFSS spec.:
(fontspec)             <->"FangSong/OT:script=hani;language=dflt;"
(fontspec)             - 'small caps'  (m/sc) with NFSS spec.: 

)
File: vi/WUST-logo.pdf Graphic file (type pdf)
<use vi/WUST-logo.pdf>
 [15

]
\openout4 = `main.vrb'.

 (./main.vrb (d:/TeX live/2023/texmf-dist/tex/latex/listings/lstlang1.sty
File: lstlang1.sty 2023/02/27 1.9 listings language file
) (d:/TeX live/2023/texmf-dist/tex/latex/listings/lstlang1.sty
File: lstlang1.sty 2023/02/27 1.9 listings language file
))
File: vi/WUST-logo.pdf Graphic file (type pdf)
<use vi/WUST-logo.pdf>
 [16

]
\openout4 = `main.vrb'.

 (./main.vrb)
File: vi/WUST-logo.pdf Graphic file (type pdf)
<use vi/WUST-logo.pdf>
 [17

]
File: vi/WUST-logo.pdf Graphic file (type pdf)
<use vi/WUST-logo.pdf>
 [18

]
\openout4 = `main.vrb'.

 (./main.vrb)
File: vi/WUST-logo.pdf Graphic file (type pdf)
<use vi/WUST-logo.pdf>
 [19

])
\openout2 = `contents/basis.aux'.

 (./contents/basis.tex (./main.toc) [20




] (./main.toc) [21

]
\openout4 = `main.vrb'.

 (./main.vrb)
File: vi/WUST-logo.pdf Graphic file (type pdf)
<use vi/WUST-logo.pdf>
 [22

]
\openout4 = `main.vrb'.

 (./main.vrb)
File: vi/WUST-logo.pdf Graphic file (type pdf)
<use vi/WUST-logo.pdf>
 [23

]
\openout4 = `main.vrb'.

 (./main.vrb)
File: vi/WUST-logo.pdf Graphic file (type pdf)
<use vi/WUST-logo.pdf>
 [24

]
\openout4 = `main.vrb'.

 (./main.vrb

Package fontspec Info: Could not resolve font "SimSun/BI" (it probably doesn't
(fontspec)             exist).


Package fontspec Info: Could not resolve font "SimSun/B" (it probably doesn't
(fontspec)             exist).


Package fontspec Info: Could not resolve font "SimSun/I" (it probably doesn't
(fontspec)             exist).


Package fontspec Info: Font family 'SimSun(1)' created for font 'SimSun' with
(fontspec)             options [Script={CJK}].
(fontspec)              
(fontspec)              This font family consists of the following NFSS
(fontspec)             series/shapes:
(fontspec)              
(fontspec)             - 'normal' (m/n) with NFSS spec.:
(fontspec)             <->"SimSun/OT:script=hani;language=dflt;"
(fontspec)             - 'small caps'  (m/sc) with NFSS spec.: 


Package fontspec Info: Could not resolve font "SimHei/BI" (it probably doesn't
(fontspec)             exist).


Package fontspec Info: Could not resolve font "SimHei/B" (it probably doesn't
(fontspec)             exist).


Package fontspec Info: Could not resolve font "SimHei/I" (it probably doesn't
(fontspec)             exist).


Package fontspec Info: Font family 'SimHei(0)' created for font 'SimHei' with
(fontspec)             options [Script={CJK}].
(fontspec)              
(fontspec)              This font family consists of the following NFSS
(fontspec)             series/shapes:
(fontspec)              
(fontspec)             - 'normal' (m/n) with NFSS spec.:
(fontspec)             <->"SimHei/OT:script=hani;language=dflt;"
(fontspec)             - 'small caps'  (m/sc) with NFSS spec.: 

)
File: vi/WUST-logo.pdf Graphic file (type pdf)
<use vi/WUST-logo.pdf>
 [25

]
\openout4 = `main.vrb'.

 (./main.vrb)
File: vi/WUST-logo.pdf Graphic file (type pdf)
<use vi/WUST-logo.pdf>
 [26

]
\openout4 = `main.vrb'.

 (./main.vrb)
File: vi/WUST-logo.pdf Graphic file (type pdf)
<use vi/WUST-logo.pdf>
 [27

]
File: vi/WUST-logo.pdf Graphic file (type pdf)
<use vi/WUST-logo.pdf>
 [28

]
\openout4 = `main.vrb'.

 (./main.vrb)
File: vi/WUST-logo.pdf Graphic file (type pdf)
<use vi/WUST-logo.pdf>

Overfull \vbox (12.06557pt too high) detected at line 198
 []

[29

]
\openout4 = `main.vrb'.

 (./main.vrb)
File: vi/WUST-logo.pdf Graphic file (type pdf)
<use vi/WUST-logo.pdf>
 [30

]
\openout4 = `main.vrb'.

 (./main.vrb
LaTeX Font Info:    Font shape `TU/lmss/m/it' in size <10> not available
(Font)              Font shape `TU/lmss/m/sl' tried instead on input line 15.
LaTeX Font Info:    Font shape `TU/lmss/m/it' in size <7> not available
(Font)              Font shape `TU/lmss/m/sl' tried instead on input line 15.
)
File: vi/WUST-logo.pdf Graphic file (type pdf)
<use vi/WUST-logo.pdf>
 [31

]
\openout4 = `main.vrb'.

 (./main.vrb)
File: vi/WUST-logo.pdf Graphic file (type pdf)
<use vi/WUST-logo.pdf>
 [32

]
\openout4 = `main.vrb'.

 (./main.vrb)
File: vi/WUST-logo.pdf Graphic file (type pdf)
<use vi/WUST-logo.pdf>
 [33

]
\openout4 = `main.vrb'.

 (./main.vrb
File: figures//sjtu-badge-blue.pdf Graphic file (type pdf)
<use figures//sjtu-badge-blue.pdf>
)
File: vi/WUST-logo.pdf Graphic file (type pdf)
<use vi/WUST-logo.pdf>
 [34

]
\openout4 = `main.vrb'.

 (./main.vrb)
File: vi/WUST-logo.pdf Graphic file (type pdf)
<use vi/WUST-logo.pdf>

Overfull \vbox (6.24062pt too high) detected at line 433
 []

[35

]
\openout4 = `main.vrb'.

 (./main.vrb)
File: vi/WUST-logo.pdf Graphic file (type pdf)
<use vi/WUST-logo.pdf>
 [36

]
\openout4 = `main.vrb'.

 (./main.vrb)
File: vi/WUST-logo.pdf Graphic file (type pdf)
<use vi/WUST-logo.pdf>

Overfull \vbox (3.15189pt too high) detected at line 487
 []

[37

]
\openout4 = `main.vrb'.

 (./main.vrb)
File: vi/WUST-logo.pdf Graphic file (type pdf)
<use vi/WUST-logo.pdf>
 [38

]
\openout4 = `main.vrb'.

 (./main.vrb

LaTeX Warning: Citation 'devoftech' on page 39 undefined on input line 3.


LaTeX Warning: Citation 'thelegendofjiang' on page 39 undefined on input line 4.

)
File: vi/WUST-logo.pdf Graphic file (type pdf)
<use vi/WUST-logo.pdf>
 [39

]
\openout4 = `main.vrb'.

 (./main.vrb)
File: vi/WUST-logo.pdf Graphic file (type pdf)
<use vi/WUST-logo.pdf>

Overfull \vbox (7.91422pt too high) detected at line 593
 []

[40

] (./main.toc) [41

]
File: vi/WUST-logo.pdf Graphic file (type pdf)
<use vi/WUST-logo.pdf>
 [42

]
File: vi/WUST-logo.pdf Graphic file (type pdf)
<use vi/WUST-logo.pdf>
 [43

]
\openout4 = `main.vrb'.

 (./main.vrb)
File: vi/WUST-logo.pdf Graphic file (type pdf)
<use vi/WUST-logo.pdf>
 [44

])
\openout2 = `contents/thesis.aux'.

 (./contents/thesis.tex (./main.toc) [45




] (./main.toc) [46

]
File: figures//sjtuthesis-cover.pdf Graphic file (type pdf)
<use figures//sjtuthesis-cover.pdf>
File: vi/WUST-logo.pdf Graphic file (type pdf)
<use vi/WUST-logo.pdf>
 [47

]
\openout4 = `main.vrb'.

 (./main.vrb
File: figures//sjtuthesis-download.png Graphic file (type bmp)
<figures//sjtuthesis-download.png>
)
File: vi/WUST-logo.pdf Graphic file (type pdf)
<use vi/WUST-logo.pdf>
 [48

]
\openout4 = `main.vrb'.

 (./main.vrb)
File: vi/WUST-logo.pdf Graphic file (type pdf)
<use vi/WUST-logo.pdf>
 [49

]
\openout4 = `main.vrb'.

 (./main.vrb)
File: vi/WUST-logo.pdf Graphic file (type pdf)
<use vi/WUST-logo.pdf>

Overfull \vbox (19.26561pt too high) detected at line 111
 []

[50

]
\openout4 = `main.vrb'.

 (./main.vrb)
File: vi/WUST-logo.pdf Graphic file (type pdf)
<use vi/WUST-logo.pdf>
 [51

]
\openout4 = `main.vrb'.

 (./main.vrb)
File: vi/WUST-logo.pdf Graphic file (type pdf)
<use vi/WUST-logo.pdf>
 [52

]
\openout4 = `main.vrb'.

 (./main.vrb)
File: vi/WUST-logo.pdf Graphic file (type pdf)
<use vi/WUST-logo.pdf>
 [53

]
\openout4 = `main.vrb'.

 (./main.vrb)
File: vi/WUST-logo.pdf Graphic file (type pdf)
<use vi/WUST-logo.pdf>
 [54

]
\openout4 = `main.vrb'.

 (./main.vrb)
File: vi/WUST-logo.pdf Graphic file (type pdf)
<use vi/WUST-logo.pdf>
 [55

])
\openout2 = `contents/summary.aux'.

 (./contents/summary.tex (./main.toc) [56




]
File: vi/WUST-logo.pdf Graphic file (type pdf)
<use vi/WUST-logo.pdf>
 [57

]
File: vi/WUST-logo.pdf Graphic file (type pdf)
<use vi/WUST-logo.pdf>
 [58

]
File: vi/WUST-logo.pdf Graphic file (type pdf)
<use vi/WUST-logo.pdf>
 [59

]
\openout4 = `main.vrb'.

 (./main.vrb)
File: vi/WUST-logo.pdf Graphic file (type pdf)
<use vi/WUST-logo.pdf>
 [60

]
File: vi/WUST-logo.pdf Graphic file (type pdf)
<use vi/WUST-logo.pdf>
 [61

]
\openout4 = `main.vrb'.

 (./main.vrb)
File: vi/WUST-logo.pdf Graphic file (type pdf)
<use vi/WUST-logo.pdf>
 [62

]
File: figures//TFZsuperellipse-crop.pdf Graphic file (type pdf)
<use figures//TFZsuperellipse-crop.pdf>
File: vi/WUST-logo.pdf Graphic file (type pdf)
<use vi/WUST-logo.pdf>
 [63

]
File: vi/WUST-logo.pdf Graphic file (type pdf)
<use vi/WUST-logo.pdf>
 [64

])

LaTeX Warning: Empty bibliography on input line 206.

File: vi/WUST-logo.pdf Graphic file (type pdf)
<use vi/WUST-logo.pdf>
[65



]
File: vi/sjtu-vi-sjtuphoto.jpg Graphic file (type bmp)
<vi/sjtu-vi-sjtuphoto.jpg>
File: vi/WUST-logo.pdf Graphic file (type pdf)
<use vi/WUST-logo.pdf>
 (d:/TeX live/2023/texmf-dist/tex/generic/stringenc/se-pdfdoc.def
File: se-pdfdoc.def 2019/11/29 v1.12 stringenc: PDFDocEncoding
) (d:/TeX live/2023/texmf-dist/tex/generic/stringenc/se-utf32be.def
File: se-utf32be.def 2019/11/29 v1.12 stringenc: UTF-32BE
) [66

]
\tf@nav=\write7
\openout7 = `main.nav'.

\tf@toc=\write8
\openout8 = `main.toc'.

\tf@snm=\write9
\openout9 = `main.snm'.

 (./main.aux (./contents/introduction.aux) (./contents/basis.aux) (./contents/thesis.aux) (./contents/summary.aux))

LaTeX Font Warning: Some font shapes were not available, defaults substituted.


LaTeX Warning: There were undefined references.

Package rerunfilecheck Info: File `main.out' has not changed.
(rerunfilecheck)             Checksum: 159C7381F49916E800633F4C46F823C5;928.

Package biblatex Warning: Please (re)run Biber on the file:
(biblatex)                main
(biblatex)                and rerun LaTeX afterwards.

Package logreq Info: Writing requests to 'main.run.xml'.
\openout1 = `main.run.xml'.

 ) 
Here is how much of TeX's memory you used:
 56438 strings out of 476683
 1247656 string characters out of 5807135
 2242910 words of memory out of 5000000
 75506 multiletter control sequences out of 15000+600000
 524936 words of font info for 156 fonts, out of 8000000 for 9000
 1348 hyphenation exceptions out of 8191
 142i,19n,136p,1133b,32985s stack positions out of 10000i,1000n,20000p,200000b,200000s

Output written on main.pdf (66 pages).
